[2026-01-08 01:02:38] INFO  com.zaxxer.hikari.HikariDataSource HikariPool-1 - Starting...
[2026-01-08 01:02:38] INFO  com.zaxxer.hikari.pool.HikariPool HikariPool-1 - Added connection com.mysql.cj.jdbc.ConnectionImpl@15a33cb8
[2026-01-08 01:02:38] INFO  com.zaxxer.hikari.HikariDataSource HikariPool-1 - Start completed.
[2026-01-08 01:02:38] INFO  c.l.z.w.c.f.ResourceCleanupFilter ResourceCleanupFilter initialized.
[2026-01-08 01:02:39] INFO  c.l.z.core.location.GeoIpUtil GeoIP database loaded from: /geo/GeoLite2-City.mmdb
[2026-01-08 01:02:39] WARN  c.l.z.core.location.GeoIpUtil GeoIP lookup failed for ip=127.0.0.1: The address 127.0.0.1 is not in the database.
[2026-01-08 01:02:39] WARN  c.l.z.d.store.service.StoreService GeoIP failed for IP=127.0.0.1, using default.
[2026-01-08 01:02:39] INFO  c.l.z.core.database.DBConnection Datasource loaded.
[2026-01-08 01:02:39] INFO  c.l.z.web.common.filters.LogFilter GET  /zero_star_cafe/                         | 302 |   16 ms
[2026-01-08 01:02:39] WARN  c.l.z.core.location.GeoIpUtil GeoIP lookup failed for ip=127.0.0.1: The address 127.0.0.1 is not in the database.
[2026-01-08 01:02:39] WARN  c.l.z.d.store.service.StoreService GeoIP failed for IP=127.0.0.1, using default.
[2026-01-08 01:02:41] INFO  c.l.z.web.common.filters.LogFilter GET  /zero_star_cafe/                         | 302 |    0 ms
[2026-01-08 01:02:42] INFO  c.l.z.web.common.filters.LogFilter GET  /zero_star_cafe/home                     | 200 | 1271 ms
[2026-01-08 01:02:42] INFO  c.l.z.web.common.filters.LogFilter GET  /zero_star_cafe/home                     | 200 | 3106 ms
[2026-01-08 01:02:55] INFO  c.l.z.web.common.filters.LogFilter GET  /zero_star_cafe/home                     | 200 |   73 ms
[2026-01-08 01:02:58] INFO  c.l.z.web.common.filters.LogFilter GET  /zero_star_cafe/partial/login-form       | 200 |  315 ms
[2026-01-08 01:03:00] INFO  c.l.z.web.common.filters.LogFilter GET  /zero_star_cafe/auth/register            | 200 |  152 ms
[2026-01-08 01:03:01] INFO  c.l.z.web.common.filters.LogFilter GET  /zero_star_cafe/auth/login               | 200 |    4 ms
[2026-01-08 01:03:02] INFO  c.l.z.web.common.filters.LogFilter GET  /zero_star_cafe/partial/forgot-password-form | 200 |  109 ms
[2026-01-08 01:03:04] INFO  c.l.z.web.common.filters.LogFilter GET  /zero_star_cafe/partial/login-form       | 200 |    0 ms
[2026-01-08 01:03:11] INFO  c.l.z.web.common.filters.LogFilter POST /zero_star_cafe/auth/login               | 422 |   74 ms
[2026-01-08 01:03:37] INFO  c.l.z.web.common.filters.LogFilter GET  /zero_star_cafe/products/americano-nong  | 200 |  661 ms
[2026-01-08 01:03:40] INFO  c.l.z.web.common.filters.LogFilter GET  /zero_star_cafe/products/americano-nong  | 200 |   20 ms
[2026-01-08 01:03:42] INFO  c.l.z.web.common.filters.LogFilter GET  /zero_star_cafe/products/americano-nong  | 200 |   25 ms
[2026-01-08 01:03:44] INFO  c.l.z.web.common.filters.LogFilter GET  /zero_star_cafe/products/a-me-mo         | 200 |   15 ms
[2026-01-08 01:03:46] INFO  c.l.z.web.common.filters.LogFilter GET  /zero_star_cafe/products/a-me-mo         | 200 |   13 ms
[2026-01-08 01:03:50] INFO  c.l.z.web.common.filters.LogFilter GET  /zero_star_cafe/products/americano-nong  | 200 |   31 ms
[2026-01-08 01:03:57] INFO  c.l.z.web.common.filters.LogFilter GET  /zero_star_cafe/categories/espresso      | 200 |   29 ms
[2026-01-08 01:04:25] INFO  c.l.z.web.common.filters.LogFilter GET  /zero_star_cafe/categories/espresso      | 200 |   80 ms
[2026-01-08 01:04:34] INFO  c.l.z.web.common.filters.LogFilter GET  /zero_star_cafe/categories/phin-coffee   | 200 |   21 ms
[2026-01-08 01:04:35] INFO  c.l.z.web.common.filters.LogFilter GET  /zero_star_cafe/categories/phin-coffee   | 200 |   57 ms
[2026-01-08 01:04:39] INFO  c.l.z.web.common.filters.LogFilter GET  /zero_star_cafe/categories/ice-blended   | 200 |   33 ms
[2026-01-08 01:04:41] INFO  c.l.z.web.common.filters.LogFilter GET  /zero_star_cafe/categories/ice-blended   | 200 |   59 ms
[2026-01-08 01:04:48] INFO  c.l.z.web.common.filters.LogFilter GET  /zero_star_cafe/products/floaty-vanilla-mocha | 200 |   45 ms
[2026-01-08 01:06:46] INFO  c.l.z.w.c.f.ResourceCleanupFilter ResourceCleanupFilter destroyed
[2026-01-08 01:06:46] INFO  com.zaxxer.hikari.HikariDataSource HikariPool-1 - Shutdown initiated...
[2026-01-08 01:06:46] INFO  com.zaxxer.hikari.HikariDataSource HikariPool-1 - Shutdown completed.
[2026-01-08 01:06:57] INFO  com.zaxxer.hikari.HikariDataSource HikariPool-2 - Starting...
[2026-01-08 01:06:57] INFO  com.zaxxer.hikari.pool.HikariPool HikariPool-2 - Added connection com.mysql.cj.jdbc.ConnectionImpl@ac775f
[2026-01-08 01:06:57] INFO  com.zaxxer.hikari.HikariDataSource HikariPool-2 - Start completed.
[2026-01-08 01:06:57] INFO  c.l.z.w.c.f.ResourceCleanupFilter ResourceCleanupFilter initialized.
[2026-01-08 01:07:02] INFO  c.l.z.core.database.DBConnection Datasource loaded.
[2026-01-08 01:07:05] INFO  c.l.z.web.common.filters.LogFilter GET  /zero_star_cafe/categories/ice-blended   | 200 | 2822 ms
[2026-01-08 01:07:09] INFO  c.l.z.web.common.filters.LogFilter GET  /zero_star_cafe/store/check-in           | 302 |    7 ms
[2026-01-08 01:07:09] INFO  c.l.z.web.common.filters.LogFilter GET  /zero_star_cafe/home                     | 200 |   81 ms
[2026-01-08 01:07:23] INFO  c.l.z.web.common.filters.LogFilter GET  /zero_star_cafe/categories/espresso      | 200 |  122 ms
[2026-01-08 01:09:48] INFO  c.l.z.w.c.f.ResourceCleanupFilter ResourceCleanupFilter destroyed
[2026-01-08 01:09:48] INFO  com.zaxxer.hikari.HikariDataSource HikariPool-2 - Shutdown initiated...
[2026-01-08 01:09:48] INFO  com.zaxxer.hikari.HikariDataSource HikariPool-2 - Shutdown completed.
[2026-01-08 01:09:58] INFO  com.zaxxer.hikari.HikariDataSource HikariPool-3 - Starting...
[2026-01-08 01:09:59] INFO  com.zaxxer.hikari.pool.HikariPool HikariPool-3 - Added connection com.mysql.cj.jdbc.ConnectionImpl@4ce0f5e
[2026-01-08 01:09:59] INFO  com.zaxxer.hikari.HikariDataSource HikariPool-3 - Start completed.
[2026-01-08 01:09:59] INFO  c.l.z.w.c.f.ResourceCleanupFilter ResourceCleanupFilter initialized.
[2026-01-08 01:10:13] INFO  c.l.z.core.database.DBConnection Datasource loaded.
[2026-01-08 01:10:15] INFO  c.l.z.web.common.filters.LogFilter GET  /zero_star_cafe/categories/espresso      | 200 | 2554 ms
[2026-01-08 01:10:20] INFO  c.l.z.web.common.filters.LogFilter GET  /zero_star_cafe/categories/phin-coffee   | 200 |  141 ms
[2026-01-08 01:10:21] INFO  c.l.z.web.common.filters.LogFilter GET  /zero_star_cafe/categories/ice-blended   | 200 |   41 ms
[2026-01-08 01:10:21] INFO  c.l.z.web.common.filters.LogFilter GET  /zero_star_cafe/categories/cold-brew     | 200 |   26 ms
[2026-01-08 01:10:22] INFO  c.l.z.web.common.filters.LogFilter GET  /zero_star_cafe/categories/latte         | 200 |   30 ms
[2026-01-08 01:10:24] INFO  c.l.z.web.common.filters.LogFilter GET  /zero_star_cafe/categories/matcha        | 200 |   39 ms
[2026-01-08 01:10:24] INFO  c.l.z.web.common.filters.LogFilter GET  /zero_star_cafe/categories/milk-tea      | 200 |   47 ms
[2026-01-08 01:10:25] INFO  c.l.z.web.common.filters.LogFilter GET  /zero_star_cafe/categories/fruit-tea     | 200 |   38 ms
[2026-01-08 01:10:26] INFO  c.l.z.web.common.filters.LogFilter GET  /zero_star_cafe/categories/hot-drink     | 200 |   36 ms
[2026-01-08 01:10:27] INFO  c.l.z.web.common.filters.LogFilter GET  /zero_star_cafe/categories/topping       | 200 |   60 ms
[2026-01-08 01:10:35] INFO  c.l.z.web.common.filters.LogFilter GET  /zero_star_cafe/categories/phin-coffee   | 200 |   89 ms
[2026-01-08 01:10:39] INFO  c.l.z.web.common.filters.LogFilter GET  /zero_star_cafe/categories/ice-blended   | 200 |   44 ms
[2026-01-08 01:10:39] INFO  c.l.z.web.common.filters.LogFilter GET  /zero_star_cafe/categories/cold-brew     | 200 |   18 ms
[2026-01-08 01:10:40] INFO  c.l.z.web.common.filters.LogFilter GET  /zero_star_cafe/categories/latte         | 200 |   59 ms
[2026-01-08 01:10:40] INFO  c.l.z.web.common.filters.LogFilter GET  /zero_star_cafe/categories/matcha        | 200 |   18 ms
[2026-01-08 01:10:40] INFO  c.l.z.web.common.filters.LogFilter GET  /zero_star_cafe/categories/milk-tea      | 200 |   22 ms
[2026-01-08 01:10:41] INFO  c.l.z.web.common.filters.LogFilter GET  /zero_star_cafe/categories/fruit-tea     | 200 |   31 ms
[2026-01-08 01:10:41] INFO  c.l.z.web.common.filters.LogFilter GET  /zero_star_cafe/categories/hot-drink     | 200 |   17 ms
[2026-01-08 01:10:48] INFO  c.l.z.web.common.filters.LogFilter GET  /zero_star_cafe/categories/topping       | 200 |   87 ms
[2026-01-08 01:10:57] INFO  c.l.z.web.common.filters.LogFilter GET  /zero_star_cafe/categories/hot-drink     | 200 |   78 ms
[2026-01-08 01:10:59] INFO  c.l.z.web.common.filters.LogFilter GET  /zero_star_cafe/categories/phin-coffee   | 200 |   47 ms
[2026-01-08 01:11:01] INFO  c.l.z.web.common.filters.LogFilter GET  /zero_star_cafe/categories/ice-blended   | 200 |   45 ms
[2026-01-08 01:13:19] INFO  c.l.z.w.c.f.ResourceCleanupFilter ResourceCleanupFilter destroyed
[2026-01-08 01:13:19] INFO  com.zaxxer.hikari.HikariDataSource HikariPool-3 - Shutdown initiated...
[2026-01-08 01:13:19] INFO  com.zaxxer.hikari.HikariDataSource HikariPool-3 - Shutdown completed.
[2026-01-08 01:13:27] INFO  com.zaxxer.hikari.HikariDataSource HikariPool-4 - Starting...
[2026-01-08 01:13:27] INFO  com.zaxxer.hikari.pool.HikariPool HikariPool-4 - Added connection com.mysql.cj.jdbc.ConnectionImpl@4efc0c6a
[2026-01-08 01:13:27] INFO  com.zaxxer.hikari.HikariDataSource HikariPool-4 - Start completed.
[2026-01-08 01:13:27] INFO  c.l.z.w.c.f.ResourceCleanupFilter ResourceCleanupFilter initialized.
[2026-01-08 01:13:39] INFO  c.l.z.core.database.DBConnection Datasource loaded.
[2026-01-08 01:13:41] INFO  c.l.z.web.common.filters.LogFilter GET  /zero_star_cafe/categories/ice-blended   | 200 | 2474 ms
[2026-01-08 01:13:43] INFO  c.l.z.web.common.filters.LogFilter GET  /zero_star_cafe/categories/cold-brew     | 200 |  104 ms
[2026-01-08 01:13:44] INFO  c.l.z.web.common.filters.LogFilter GET  /zero_star_cafe/categories/latte         | 200 |   43 ms
[2026-01-08 01:13:45] INFO  c.l.z.web.common.filters.LogFilter GET  /zero_star_cafe/categories/matcha        | 200 |   35 ms
[2026-01-08 01:13:53] INFO  c.l.z.web.common.filters.LogFilter GET  /zero_star_cafe/categories/fruit-tea     | 200 |   30 ms
[2026-01-08 01:13:54] INFO  c.l.z.web.common.filters.LogFilter GET  /zero_star_cafe/categories/hot-drink     | 200 |   21 ms
[2026-01-08 01:13:56] INFO  c.l.z.web.common.filters.LogFilter GET  /zero_star_cafe/categories/topping       | 200 |   19 ms
[2026-01-08 01:13:59] INFO  c.l.z.web.common.filters.LogFilter GET  /zero_star_cafe/categories/americano     | 200 |   59 ms
[2026-01-08 01:14:02] INFO  c.l.z.web.common.filters.LogFilter GET  /zero_star_cafe/categories/hot-drink     | 200 |   64 ms
[2026-01-08 01:14:04] INFO  c.l.z.web.common.filters.LogFilter GET  /zero_star_cafe/categories/topping       | 200 |   52 ms
[2026-01-08 01:14:05] INFO  c.l.z.web.common.filters.LogFilter GET  /zero_star_cafe/categories/hot-drink     | 200 |   31 ms
[2026-01-08 01:14:08] INFO  c.l.z.web.common.filters.LogFilter GET  /zero_star_cafe/categories/phin-coffee   | 200 |   41 ms
[2026-01-08 01:14:09] INFO  c.l.z.web.common.filters.LogFilter GET  /zero_star_cafe/categories/ice-blended   | 200 |   30 ms
[2026-01-08 01:14:11] INFO  c.l.z.web.common.filters.LogFilter GET  /zero_star_cafe/products/floaty-bac-xiu  | 200 |  415 ms
[2026-01-08 01:14:13] INFO  c.l.z.web.common.filters.LogFilter GET  /zero_star_cafe/products/floaty-matcha-latte | 200 |   26 ms
[2026-01-08 01:14:16] INFO  c.l.z.web.common.filters.LogFilter GET  /zero_star_cafe/categories/cold-brew     | 200 |   33 ms
[2026-01-08 01:14:21] ERROR c.l.z.web.common.filters.ErrorFilter Unhandled exception
java.lang.NullPointerException: Cannot invoke "java.lang.Integer.intValue()" because the return value of "com.laptrinhweb.zerostarcafe.web.common.utils.RequestUtils.getIntParam(jakarta.servlet.http.HttpServletRequest, String)" is null
	at com.laptrinhweb.zerostarcafe.web.client.servlet.SearchServlet.doGet(SearchServlet.java:57)
	at jakarta.servlet.http.HttpServlet.service(HttpServlet.java:622)
	at jakarta.servlet.http.HttpServlet.service(HttpServlet.java:710)
	at org.apache.catalina.core.ApplicationFilterChain.doFilter(ApplicationFilterChain.java:130)
	at org.apache.tomcat.websocket.server.WsFilter.doFilter(WsFilter.java:53)
	at org.apache.catalina.core.ApplicationFilterChain.doFilter(ApplicationFilterChain.java:109)
	at com.laptrinhweb.zerostarcafe.web.common.filters.LogFilter.doFilter(LogFilter.java:46)
	at org.apache.catalina.core.ApplicationFilterChain.doFilter(ApplicationFilterChain.java:109)
	at com.laptrinhweb.zerostarcafe.web.common.filters.LocaleFilter.doFilter(LocaleFilter.java:82)
	at org.apache.catalina.core.ApplicationFilterChain.doFilter(ApplicationFilterChain.java:109)
	at com.laptrinhweb.zerostarcafe.web.common.filters.ErrorFilter.doFilter(ErrorFilter.java:35)
	at org.apache.catalina.core.ApplicationFilterChain.doFilter(ApplicationFilterChain.java:109)
	at com.laptrinhweb.zerostarcafe.web.common.filters.CsrfFilter.doFilter(CsrfFilter.java:55)
	at org.apache.catalina.core.ApplicationFilterChain.doFilter(ApplicationFilterChain.java:109)
	at com.laptrinhweb.zerostarcafe.web.client.filters.StoreIDFilter.doFilter(StoreIDFilter.java:52)
	at org.apache.catalina.core.ApplicationFilterChain.doFilter(ApplicationFilterChain.java:109)
	at com.laptrinhweb.zerostarcafe.web.auth.filter.AuthFilter.doFilter(AuthFilter.java:95)
	at org.apache.catalina.core.ApplicationFilterChain.doFilter(ApplicationFilterChain.java:109)
	at com.laptrinhweb.zerostarcafe.web.common.filters.ResourceCleanupFilter.doFilter(ResourceCleanupFilter.java:38)
	at org.apache.catalina.core.ApplicationFilterChain.doFilter(ApplicationFilterChain.java:109)
	at com.laptrinhweb.zerostarcafe.web.common.filters.TransactionFilter.doFilter(TransactionFilter.java:39)
	at org.apache.catalina.core.ApplicationFilterChain.doFilter(ApplicationFilterChain.java:109)
	at org.apache.catalina.core.StandardWrapperValve.invoke(StandardWrapperValve.java:167)
	at org.apache.catalina.core.StandardContextValve.invoke(StandardContextValve.java:79)
	at org.apache.catalina.authenticator.AuthenticatorBase.invoke(AuthenticatorBase.java:483)
	at org.apache.catalina.core.StandardHostValve.invoke(StandardHostValve.java:116)
	at org.apache.catalina.valves.ErrorReportValve.invoke(ErrorReportValve.java:93)
	at org.apache.catalina.valves.AbstractAccessLogValve.invoke(AbstractAccessLogValve.java:666)
	at org.apache.catalina.core.StandardEngineValve.invoke(StandardEngineValve.java:74)
	at org.apache.catalina.connector.CoyoteAdapter.service(CoyoteAdapter.java:343)
	at org.apache.coyote.http11.Http11Processor.service(Http11Processor.java:396)
	at org.apache.coyote.AbstractProcessorLight.process(AbstractProcessorLight.java:63)
	at org.apache.coyote.AbstractProtocol$ConnectionHandler.process(AbstractProtocol.java:903)
	at org.apache.tomcat.util.net.NioEndpoint$SocketProcessor.doRun(NioEndpoint.java:1780)
	at org.apache.tomcat.util.net.SocketProcessorBase.run(SocketProcessorBase.java:52)
	at org.apache.tomcat.util.threads.ThreadPoolExecutor.runWorker(ThreadPoolExecutor.java:948)
	at org.apache.tomcat.util.threads.ThreadPoolExecutor$Worker.run(ThreadPoolExecutor.java:482)
	at org.apache.tomcat.util.threads.TaskThread$WrappingRunnable.run(TaskThread.java:57)
	at java.base/java.lang.Thread.run(Thread.java:1474)
[2026-01-08 01:14:24] INFO  c.l.z.web.common.filters.LogFilter GET  /zero_star_cafe/home                     | 200 |   63 ms
[2026-01-08 01:14:29] INFO  c.l.z.web.common.filters.LogFilter GET  /zero_star_cafe/home                     | 200 |   68 ms
[2026-01-08 01:16:30] INFO  c.l.z.w.c.f.ResourceCleanupFilter ResourceCleanupFilter destroyed
[2026-01-08 01:16:30] INFO  com.zaxxer.hikari.HikariDataSource HikariPool-4 - Shutdown initiated...
[2026-01-08 01:16:30] INFO  com.zaxxer.hikari.HikariDataSource HikariPool-4 - Shutdown completed.
[2026-01-08 01:16:42] INFO  com.zaxxer.hikari.HikariDataSource HikariPool-5 - Starting...
[2026-01-08 01:16:42] INFO  com.zaxxer.hikari.pool.HikariPool HikariPool-5 - Added connection com.mysql.cj.jdbc.ConnectionImpl@126522cb
[2026-01-08 01:16:42] INFO  com.zaxxer.hikari.HikariDataSource HikariPool-5 - Start completed.
[2026-01-08 01:16:42] INFO  c.l.z.w.c.f.ResourceCleanupFilter ResourceCleanupFilter initialized.
[2026-01-08 01:16:45] INFO  c.l.z.core.database.DBConnection Datasource loaded.
[2026-01-08 01:16:47] INFO  c.l.z.web.common.filters.LogFilter GET  /zero_star_cafe/home                     | 200 | 2406 ms
[2026-01-08 01:16:53] INFO  c.l.z.web.common.filters.LogFilter GET  /zero_star_cafe/search                   | 200 |  117 ms
[2026-01-08 01:17:03] INFO  c.l.z.web.common.filters.LogFilter GET  /zero_star_cafe/search                   | 200 |   88 ms
[2026-01-08 01:18:16] INFO  c.l.z.web.common.filters.LogFilter GET  /zero_star_cafe/search                   | 200 |   59 ms
[2026-01-08 01:20:21] INFO  c.l.z.w.c.f.ResourceCleanupFilter ResourceCleanupFilter destroyed
[2026-01-08 01:20:21] INFO  com.zaxxer.hikari.HikariDataSource HikariPool-5 - Shutdown initiated...
[2026-01-08 01:20:21] INFO  com.zaxxer.hikari.HikariDataSource HikariPool-5 - Shutdown completed.
[2026-01-08 01:20:29] INFO  com.zaxxer.hikari.HikariDataSource HikariPool-6 - Starting...
[2026-01-08 01:20:29] INFO  com.zaxxer.hikari.pool.HikariPool HikariPool-6 - Added connection com.mysql.cj.jdbc.ConnectionImpl@11608525
[2026-01-08 01:20:29] INFO  com.zaxxer.hikari.HikariDataSource HikariPool-6 - Start completed.
[2026-01-08 01:20:29] INFO  c.l.z.w.c.f.ResourceCleanupFilter ResourceCleanupFilter initialized.
[2026-01-08 01:20:53] INFO  c.l.z.core.database.DBConnection Datasource loaded.
[2026-01-08 01:20:53] INFO  c.l.z.web.common.filters.LogFilter GET  /zero_star_cafe/                         | 302 |   19 ms
[2026-01-08 01:20:55] INFO  c.l.z.web.common.filters.LogFilter GET  /zero_star_cafe/home                     | 200 | 2293 ms
[2026-01-08 01:21:07] INFO  c.l.z.web.common.filters.LogFilter GET  /zero_star_cafe/home                     | 200 |   88 ms
[2026-01-08 01:21:11] INFO  c.l.z.web.common.filters.LogFilter GET  /zero_star_cafe/categories/espresso      | 200 |  117 ms
[2026-01-08 01:21:12] INFO  c.l.z.web.common.filters.LogFilter GET  /zero_star_cafe/categories/phin-coffee   | 200 |   31 ms
[2026-01-08 01:21:14] INFO  c.l.z.web.common.filters.LogFilter GET  /zero_star_cafe/categories/americano     | 200 |   28 ms
[2026-01-08 01:21:17] INFO  c.l.z.web.common.filters.LogFilter GET  /zero_star_cafe/products/caramel-macchiato-da | 200 |  521 ms
[2026-01-08 01:21:27] WARN  c.l.z.web.common.filters.ErrorFilter Response already committed for unknown error.
[2026-01-08 01:21:50] WARN  c.l.z.web.common.filters.ErrorFilter Response already committed for unknown error.
[2026-01-08 01:24:38] WARN  c.l.z.web.common.filters.ErrorFilter Response already committed for unknown error.
[2026-01-08 01:28:42] INFO  c.l.z.w.c.f.ResourceCleanupFilter ResourceCleanupFilter destroyed
[2026-01-08 01:28:42] INFO  com.zaxxer.hikari.HikariDataSource HikariPool-6 - Shutdown initiated...
[2026-01-08 01:28:42] INFO  com.zaxxer.hikari.HikariDataSource HikariPool-6 - Shutdown completed.
[2026-01-08 01:29:08] INFO  com.zaxxer.hikari.HikariDataSource HikariPool-7 - Starting...
[2026-01-08 01:29:08] INFO  com.zaxxer.hikari.pool.HikariPool HikariPool-7 - Added connection com.mysql.cj.jdbc.ConnectionImpl@f61d475
[2026-01-08 01:29:08] INFO  com.zaxxer.hikari.HikariDataSource HikariPool-7 - Start completed.
[2026-01-08 01:29:08] INFO  c.l.z.w.c.f.ResourceCleanupFilter ResourceCleanupFilter initialized.
[2026-01-08 01:29:16] INFO  c.l.z.core.database.DBConnection Datasource loaded.
[2026-01-08 01:29:19] INFO  c.l.z.web.common.filters.LogFilter GET  /zero_star_cafe/categories/phin-coffee   | 200 | 2133 ms
[2026-01-08 01:29:41] INFO  c.l.z.web.common.filters.LogFilter GET  /zero_star_cafe/search                   | 200 |  139 ms
[2026-01-08 01:29:41] INFO  c.l.z.web.common.filters.LogFilter GET  /zero_star_cafe//search                  | 200 |   32 ms
[2026-01-08 01:29:41] INFO  c.l.z.web.common.filters.LogFilter GET  /zero_star_cafe//search                  | 200 |   19 ms
[2026-01-08 01:29:41] INFO  c.l.z.web.common.filters.LogFilter GET  /zero_star_cafe//search                  | 200 |   16 ms
[2026-01-08 01:29:41] INFO  c.l.z.web.common.filters.LogFilter GET  /zero_star_cafe//search                  | 200 |   27 ms
[2026-01-08 01:29:41] INFO  c.l.z.web.common.filters.LogFilter GET  /zero_star_cafe//search                  | 200 |   16 ms
[2026-01-08 01:29:41] INFO  c.l.z.web.common.filters.LogFilter GET  /zero_star_cafe//search                  | 200 |   25 ms
[2026-01-08 01:29:54] INFO  c.l.z.web.common.filters.LogFilter GET  /zero_star_cafe/search                   | 200 |   64 ms
[2026-01-08 01:29:54] INFO  c.l.z.web.common.filters.LogFilter GET  /zero_star_cafe//search                  | 200 |   15 ms
[2026-01-08 01:29:54] INFO  c.l.z.web.common.filters.LogFilter GET  /zero_star_cafe//search                  | 200 |   19 ms
[2026-01-08 01:29:54] INFO  c.l.z.web.common.filters.LogFilter GET  /zero_star_cafe//search                  | 200 |   25 ms
[2026-01-08 01:29:54] INFO  c.l.z.web.common.filters.LogFilter GET  /zero_star_cafe//search                  | 200 |   15 ms
[2026-01-08 01:29:54] INFO  c.l.z.web.common.filters.LogFilter GET  /zero_star_cafe//search                  | 200 |   23 ms
[2026-01-08 01:30:26] INFO  c.l.z.web.common.filters.LogFilter GET  /zero_star_cafe//search                  | 200 |   57 ms
[2026-01-08 01:30:26] INFO  c.l.z.web.common.filters.LogFilter GET  /zero_star_cafe//search                  | 200 |   22 ms
[2026-01-08 01:30:27] INFO  c.l.z.web.common.filters.LogFilter GET  /zero_star_cafe/search                   | 200 |   27 ms
[2026-01-08 01:31:30] INFO  c.l.z.web.common.filters.LogFilter GET  /zero_star_cafe//search                  | 200 |   56 ms
[2026-01-08 01:31:30] INFO  c.l.z.web.common.filters.LogFilter GET  /zero_star_cafe//search                  | 200 |   12 ms
[2026-01-08 01:31:30] INFO  c.l.z.web.common.filters.LogFilter GET  /zero_star_cafe//search                  | 200 |   11 ms
[2026-01-08 01:31:30] INFO  c.l.z.web.common.filters.LogFilter GET  /zero_star_cafe/search                   | 200 |   14 ms
[2026-01-08 01:32:32] INFO  c.l.z.w.c.f.ResourceCleanupFilter ResourceCleanupFilter destroyed
[2026-01-08 01:32:32] INFO  com.zaxxer.hikari.HikariDataSource HikariPool-7 - Shutdown initiated...
[2026-01-08 01:32:32] INFO  com.zaxxer.hikari.HikariDataSource HikariPool-7 - Shutdown completed.
[2026-01-08 01:32:46] INFO  com.zaxxer.hikari.HikariDataSource HikariPool-8 - Starting...
[2026-01-08 01:32:46] INFO  com.zaxxer.hikari.pool.HikariPool HikariPool-8 - Added connection com.mysql.cj.jdbc.ConnectionImpl@2612458
[2026-01-08 01:32:46] INFO  com.zaxxer.hikari.HikariDataSource HikariPool-8 - Start completed.
[2026-01-08 01:32:46] INFO  c.l.z.w.c.f.ResourceCleanupFilter ResourceCleanupFilter initialized.
[2026-01-08 01:33:03] INFO  c.l.z.core.database.DBConnection Datasource loaded.
[2026-01-08 01:33:05] INFO  c.l.z.web.common.filters.LogFilter GET  /zero_star_cafe/categories/phin-coffee   | 200 | 2389 ms
[2026-01-08 01:33:19] INFO  c.l.z.web.common.filters.LogFilter GET  /zero_star_cafe/search                   | 200 |  144 ms
[2026-01-08 01:33:19] INFO  c.l.z.web.common.filters.LogFilter GET  /zero_star_cafe/search                   | 200 |   34 ms
[2026-01-08 01:33:19] INFO  c.l.z.web.common.filters.LogFilter GET  /zero_star_cafe/search                   | 200 |   19 ms
[2026-01-08 01:33:19] INFO  c.l.z.web.common.filters.LogFilter GET  /zero_star_cafe/search                   | 200 |   13 ms
[2026-01-08 01:33:19] INFO  c.l.z.web.common.filters.LogFilter GET  /zero_star_cafe/search                   | 200 |   23 ms
[2026-01-08 01:33:19] INFO  c.l.z.web.common.filters.LogFilter GET  /zero_star_cafe/search                   | 200 |   14 ms
[2026-01-08 01:33:19] INFO  c.l.z.web.common.filters.LogFilter GET  /zero_star_cafe/search                   | 200 |   20 ms
[2026-01-08 01:42:03] INFO  c.l.z.w.c.f.ResourceCleanupFilter ResourceCleanupFilter destroyed
[2026-01-08 01:42:03] INFO  com.zaxxer.hikari.HikariDataSource HikariPool-8 - Shutdown initiated...
[2026-01-08 01:42:03] INFO  com.zaxxer.hikari.HikariDataSource HikariPool-8 - Shutdown completed.
[2026-01-08 01:42:19] INFO  com.zaxxer.hikari.HikariDataSource HikariPool-9 - Starting...
[2026-01-08 01:42:20] INFO  com.zaxxer.hikari.pool.HikariPool HikariPool-9 - Added connection com.mysql.cj.jdbc.ConnectionImpl@7360f322
[2026-01-08 01:42:20] INFO  com.zaxxer.hikari.HikariDataSource HikariPool-9 - Start completed.
[2026-01-08 01:42:20] INFO  c.l.z.w.c.f.ResourceCleanupFilter ResourceCleanupFilter initialized.
[2026-01-08 01:42:37] INFO  c.l.z.core.database.DBConnection Datasource loaded.
[2026-01-08 01:42:39] INFO  c.l.z.web.common.filters.LogFilter GET  /zero_star_cafe/categories/phin-coffee   | 200 | 2210 ms
[2026-01-08 01:42:41] INFO  c.l.z.web.common.filters.LogFilter GET  /zero_star_cafe/categories/ice-blended   | 200 |   87 ms
[2026-01-08 01:42:42] INFO  c.l.z.web.common.filters.LogFilter GET  /zero_star_cafe/categories/phin-coffee   | 200 |   35 ms
[2026-01-08 01:42:59] INFO  c.l.z.web.common.filters.LogFilter GET  /zero_star_cafe/search                   | 200 |   71 ms
[2026-01-08 01:43:02] INFO  c.l.z.web.common.filters.LogFilter GET  /zero_star_cafe/search                   | 200 |   37 ms
[2026-01-08 01:43:02] INFO  c.l.z.web.common.filters.LogFilter GET  /zero_star_cafe/search                   | 200 |   17 ms
[2026-01-08 01:43:02] INFO  c.l.z.web.common.filters.LogFilter GET  /zero_star_cafe/search                   | 200 |   16 ms
[2026-01-08 01:43:02] INFO  c.l.z.web.common.filters.LogFilter GET  /zero_star_cafe/search                   | 200 |   13 ms
[2026-01-08 01:43:02] INFO  c.l.z.web.common.filters.LogFilter GET  /zero_star_cafe/search                   | 200 |   11 ms
[2026-01-08 01:43:03] INFO  c.l.z.web.common.filters.LogFilter GET  /zero_star_cafe/search                   | 200 |   42 ms
[2026-01-08 01:43:09] INFO  c.l.z.web.common.filters.LogFilter GET  /zero_star_cafe/categories/ice-blended   | 200 |   78 ms
[2026-01-08 01:43:14] INFO  c.l.z.web.common.filters.LogFilter GET  /zero_star_cafe/search                   | 200 |   57 ms
[2026-01-08 01:44:29] INFO  c.l.z.web.common.filters.LogFilter GET  /zero_star_cafe/search                   | 200 |   47 ms
[2026-01-08 01:44:33] INFO  c.l.z.web.common.filters.LogFilter GET  /zero_star_cafe/search                   | 200 |   32 ms
[2026-01-08 01:44:33] INFO  c.l.z.web.common.filters.LogFilter GET  /zero_star_cafe/search                   | 200 |   34 ms
[2026-01-08 01:44:33] INFO  c.l.z.web.common.filters.LogFilter GET  /zero_star_cafe/search                   | 200 |   29 ms
[2026-01-08 01:44:33] INFO  c.l.z.web.common.filters.LogFilter GET  /zero_star_cafe/search                   | 200 |   16 ms
[2026-01-08 01:44:33] INFO  c.l.z.web.common.filters.LogFilter GET  /zero_star_cafe/search                   | 200 |   14 ms
[2026-01-08 01:46:01] INFO  c.l.z.web.common.filters.LogFilter GET  /zero_star_cafe/categories/ice-blended   | 200 |  299 ms
[2026-01-08 01:46:09] INFO  c.l.z.web.common.filters.LogFilter GET  /zero_star_cafe/search                   | 200 |   47 ms
[2026-01-08 01:46:55] INFO  c.l.z.web.common.filters.LogFilter GET  /zero_star_cafe/search                   | 200 |   72 ms
[2026-01-08 01:46:56] INFO  c.l.z.web.common.filters.LogFilter GET  /zero_star_cafe/search                   | 200 |   44 ms
[2026-01-08 01:46:56] INFO  c.l.z.web.common.filters.LogFilter GET  /zero_star_cafe/search                   | 200 |   25 ms
[2026-01-08 01:46:56] INFO  c.l.z.web.common.filters.LogFilter GET  /zero_star_cafe/search                   | 200 |   29 ms
[2026-01-08 01:46:56] INFO  c.l.z.web.common.filters.LogFilter GET  /zero_star_cafe/search                   | 200 |   11 ms
[2026-01-08 01:53:16] INFO  c.l.z.web.common.filters.LogFilter GET  /zero_star_cafe/search                   | 200 |   51 ms
[2026-01-08 02:01:45] INFO  c.l.z.w.c.f.ResourceCleanupFilter ResourceCleanupFilter destroyed
[2026-01-08 02:01:45] INFO  com.zaxxer.hikari.HikariDataSource HikariPool-9 - Shutdown initiated...
[2026-01-08 02:01:45] INFO  com.zaxxer.hikari.HikariDataSource HikariPool-9 - Shutdown completed.
[2026-01-08 02:01:58] INFO  com.zaxxer.hikari.HikariDataSource HikariPool-10 - Starting...
[2026-01-08 02:01:58] INFO  com.zaxxer.hikari.pool.HikariPool HikariPool-10 - Added connection com.mysql.cj.jdbc.ConnectionImpl@3c9848b9
[2026-01-08 02:01:58] INFO  com.zaxxer.hikari.HikariDataSource HikariPool-10 - Start completed.
[2026-01-08 02:01:58] INFO  c.l.z.w.c.f.ResourceCleanupFilter ResourceCleanupFilter initialized.
[2026-01-08 02:02:09] INFO  c.l.z.core.database.DBConnection Datasource loaded.
[2026-01-08 02:02:12] INFO  c.l.z.web.common.filters.LogFilter GET  /zero_star_cafe/categories/ice-blended   | 200 | 2082 ms
[2026-01-08 02:02:14] INFO  c.l.z.web.common.filters.LogFilter GET  /zero_star_cafe/categories/cold-brew     | 200 |   82 ms
[2026-01-08 02:02:16] INFO  c.l.z.web.common.filters.LogFilter GET  /zero_star_cafe/categories/latte         | 200 |   52 ms
[2026-01-08 02:02:17] INFO  c.l.z.web.common.filters.LogFilter GET  /zero_star_cafe/categories/matcha        | 200 |   29 ms
[2026-01-08 02:02:42] INFO  c.l.z.web.common.filters.LogFilter GET  /zero_star_cafe/search                   | 200 |   83 ms
[2026-01-08 02:02:55] INFO  c.l.z.web.common.filters.LogFilter GET  /zero_star_cafe/search                   | 200 |   60 ms
[2026-01-08 02:02:55] INFO  c.l.z.web.common.filters.LogFilter GET  /zero_star_cafe/search                   | 200 |   26 ms
[2026-01-08 02:02:55] INFO  c.l.z.web.common.filters.LogFilter GET  /zero_star_cafe/search                   | 200 |   20 ms
[2026-01-08 02:02:55] INFO  c.l.z.web.common.filters.LogFilter GET  /zero_star_cafe/search                   | 200 |   16 ms
[2026-01-08 02:02:56] INFO  c.l.z.web.common.filters.LogFilter GET  /zero_star_cafe/search                   | 200 |   31 ms
[2026-01-08 02:02:57] INFO  c.l.z.web.common.filters.LogFilter GET  /zero_star_cafe/search                   | 200 |   32 ms
[2026-01-08 02:05:26] INFO  c.l.z.w.c.f.ResourceCleanupFilter ResourceCleanupFilter destroyed
[2026-01-08 02:05:26] INFO  com.zaxxer.hikari.HikariDataSource HikariPool-10 - Shutdown initiated...
[2026-01-08 02:05:26] INFO  com.zaxxer.hikari.HikariDataSource HikariPool-10 - Shutdown completed.
[2026-01-08 02:05:32] INFO  com.zaxxer.hikari.HikariDataSource HikariPool-11 - Starting...
[2026-01-08 02:05:32] INFO  com.zaxxer.hikari.pool.HikariPool HikariPool-11 - Added connection com.mysql.cj.jdbc.ConnectionImpl@19133407
[2026-01-08 02:05:32] INFO  com.zaxxer.hikari.HikariDataSource HikariPool-11 - Start completed.
[2026-01-08 02:05:32] INFO  c.l.z.w.c.f.ResourceCleanupFilter ResourceCleanupFilter initialized.
[2026-01-08 02:05:39] INFO  c.l.z.core.database.DBConnection Datasource loaded.
[2026-01-08 02:05:43] INFO  c.l.z.web.common.filters.LogFilter GET  /zero_star_cafe/categories/matcha        | 200 | 3226 ms
[2026-01-08 02:05:49] INFO  c.l.z.web.common.filters.LogFilter GET  /zero_star_cafe/search                   | 200 |  135 ms
[2026-01-08 02:05:54] INFO  c.l.z.web.common.filters.LogFilter GET  /zero_star_cafe/search                   | 200 |   56 ms
[2026-01-08 02:05:58] INFO  c.l.z.web.common.filters.LogFilter GET  /zero_star_cafe/search                   | 200 |   32 ms
[2026-01-08 02:05:58] INFO  c.l.z.web.common.filters.LogFilter GET  /zero_star_cafe/search                   | 200 |   16 ms
[2026-01-08 02:05:58] INFO  c.l.z.web.common.filters.LogFilter GET  /zero_star_cafe/search                   | 200 |   20 ms
[2026-01-08 02:05:58] INFO  c.l.z.web.common.filters.LogFilter GET  /zero_star_cafe/search                   | 200 |   17 ms
[2026-01-08 02:05:58] INFO  c.l.z.web.common.filters.LogFilter GET  /zero_star_cafe/search                   | 200 |   20 ms
[2026-01-08 02:06:27] INFO  c.l.z.core.location.GeoIpUtil GeoIP database loaded from: /geo/GeoLite2-City.mmdb
[2026-01-08 02:06:27] WARN  c.l.z.core.location.GeoIpUtil GeoIP lookup failed for ip=127.0.0.1: The address 127.0.0.1 is not in the database.
[2026-01-08 02:06:27] WARN  c.l.z.d.store.service.StoreService GeoIP failed for IP=127.0.0.1, using default.
[2026-01-08 02:06:27] INFO  c.l.z.web.common.filters.LogFilter GET  /zero_star_cafe/categories/matcha        | 200 |   53 ms
[2026-01-08 02:06:29] INFO  c.l.z.web.common.filters.LogFilter GET  /zero_star_cafe/store-detect             | 302 |   13 ms
[2026-01-08 02:06:29] INFO  c.l.z.web.common.filters.LogFilter GET  /zero_star_cafe/home                     | 200 |    9 ms
[2026-01-08 02:06:33] INFO  c.l.z.web.common.filters.LogFilter GET  /zero_star_cafe/categories/phin-coffee   | 200 |   25 ms
[2026-01-08 02:06:36] INFO  c.l.z.web.common.filters.LogFilter GET  /zero_star_cafe/search                   | 200 |    7 ms
[2026-01-08 02:06:48] INFO  c.l.z.web.common.filters.LogFilter GET  /zero_star_cafe/search                   | 200 |   32 ms
[2026-01-08 02:06:55] INFO  c.l.z.web.common.filters.LogFilter GET  /zero_star_cafe/search                   | 200 |   24 ms
[2026-01-08 02:06:56] INFO  c.l.z.web.common.filters.LogFilter GET  /zero_star_cafe/search                   | 200 |   18 ms
[2026-01-08 02:18:57] INFO  c.l.z.w.c.f.ResourceCleanupFilter ResourceCleanupFilter destroyed
[2026-01-08 02:18:57] INFO  com.zaxxer.hikari.HikariDataSource HikariPool-11 - Shutdown initiated...
[2026-01-08 02:18:57] INFO  com.zaxxer.hikari.HikariDataSource HikariPool-11 - Shutdown completed.
[2026-01-08 02:19:03] INFO  com.zaxxer.hikari.HikariDataSource HikariPool-12 - Starting...
[2026-01-08 02:19:03] INFO  com.zaxxer.hikari.pool.HikariPool HikariPool-12 - Added connection com.mysql.cj.jdbc.ConnectionImpl@5e977e9e
[2026-01-08 02:19:03] INFO  com.zaxxer.hikari.HikariDataSource HikariPool-12 - Start completed.
[2026-01-08 02:19:03] INFO  c.l.z.w.c.f.ResourceCleanupFilter ResourceCleanupFilter initialized.
[2026-01-08 02:19:23] INFO  c.l.z.core.location.GeoIpUtil GeoIP database loaded from: /geo/GeoLite2-City.mmdb
[2026-01-08 02:19:23] WARN  c.l.z.core.location.GeoIpUtil GeoIP lookup failed for ip=127.0.0.1: The address 127.0.0.1 is not in the database.
[2026-01-08 02:19:23] WARN  c.l.z.d.store.service.StoreService GeoIP failed for IP=127.0.0.1, using default.
[2026-01-08 02:19:23] INFO  c.l.z.core.database.DBConnection Datasource loaded.
[2026-01-08 02:19:26] INFO  c.l.z.web.common.filters.LogFilter GET  /zero_star_cafe/categories/phin-coffee   | 200 | 2545 ms
[2026-01-08 02:19:29] INFO  c.l.z.web.common.filters.LogFilter GET  /zero_star_cafe/store-detect             | 302 |   11 ms
[2026-01-08 02:19:29] INFO  c.l.z.web.common.filters.LogFilter GET  /zero_star_cafe/home                     | 200 |   27 ms
[2026-01-08 02:19:40] INFO  c.l.z.web.common.filters.LogFilter GET  /zero_star_cafe/search                   | 200 |  114 ms
[2026-01-08 02:23:38] INFO  c.l.z.w.c.f.ResourceCleanupFilter ResourceCleanupFilter destroyed
[2026-01-08 02:23:38] INFO  com.zaxxer.hikari.HikariDataSource HikariPool-12 - Shutdown initiated...
[2026-01-08 02:23:38] INFO  com.zaxxer.hikari.HikariDataSource HikariPool-12 - Shutdown completed.
[2026-01-08 02:23:54] INFO  com.zaxxer.hikari.HikariDataSource HikariPool-13 - Starting...
[2026-01-08 02:23:54] INFO  com.zaxxer.hikari.pool.HikariPool HikariPool-13 - Added connection com.mysql.cj.jdbc.ConnectionImpl@2212e2f1
[2026-01-08 02:23:54] INFO  com.zaxxer.hikari.HikariDataSource HikariPool-13 - Start completed.
[2026-01-08 02:23:55] INFO  c.l.z.w.c.f.ResourceCleanupFilter ResourceCleanupFilter initialized.
[2026-01-08 02:24:52] INFO  c.l.z.core.location.GeoIpUtil GeoIP database loaded from: /geo/GeoLite2-City.mmdb
[2026-01-08 02:24:52] WARN  c.l.z.core.location.GeoIpUtil GeoIP lookup failed for ip=127.0.0.1: The address 127.0.0.1 is not in the database.
[2026-01-08 02:24:52] WARN  c.l.z.d.store.service.StoreService GeoIP failed for IP=127.0.0.1, using default.
[2026-01-08 02:24:52] INFO  c.l.z.core.database.DBConnection Datasource loaded.
[2026-01-08 02:24:53] INFO  c.l.z.web.common.filters.LogFilter GET  /zero_star_cafe/home                     | 200 | 1033 ms
[2026-01-08 02:24:53] INFO  c.l.z.web.common.filters.LogFilter GET  /zero_star_cafe/store-detect             | 302 |    6 ms
[2026-01-08 02:24:53] INFO  c.l.z.web.common.filters.LogFilter GET  /zero_star_cafe/home                     | 200 |   10 ms
[2026-01-08 02:25:05] INFO  c.l.z.web.common.filters.LogFilter GET  /zero_star_cafe/categories/espresso      | 200 | 2009 ms
[2026-01-08 02:25:06] INFO  c.l.z.web.common.filters.LogFilter GET  /zero_star_cafe/categories/phin-coffee   | 200 |   16 ms
[2026-01-08 02:25:07] INFO  c.l.z.web.common.filters.LogFilter GET  /zero_star_cafe/categories/ice-blended   | 200 |   11 ms
[2026-01-08 02:25:15] INFO  c.l.z.web.common.filters.LogFilter GET  /zero_star_cafe/search                   | 200 |   12 ms
[2026-01-08 02:25:55] INFO  c.l.z.web.common.filters.LogFilter GET  /zero_star_cafe/                         | 302 |    3 ms
[2026-01-08 02:25:55] INFO  c.l.z.web.common.filters.LogFilter GET  /zero_star_cafe/home                     | 200 |   32 ms
[2026-01-08 02:25:58] INFO  c.l.z.web.common.filters.LogFilter GET  /zero_star_cafe/search                   | 200 |    4 ms
[2026-01-08 02:26:03] INFO  c.l.z.web.common.filters.LogFilter GET  /zero_star_cafe/categories/espresso      | 200 |   15 ms
[2026-01-08 02:26:04] INFO  c.l.z.web.common.filters.LogFilter GET  /zero_star_cafe/categories/phin-coffee   | 200 |    1 ms
[2026-01-08 02:26:05] INFO  c.l.z.web.common.filters.LogFilter GET  /zero_star_cafe/products/ca-phe-sua-nong | 200 |  175 ms
[2026-01-08 02:28:18] INFO  c.l.z.w.c.f.ResourceCleanupFilter ResourceCleanupFilter destroyed
[2026-01-08 02:28:18] INFO  com.zaxxer.hikari.HikariDataSource HikariPool-13 - Shutdown initiated...
[2026-01-08 02:28:18] INFO  com.zaxxer.hikari.HikariDataSource HikariPool-13 - Shutdown completed.
[2026-01-08 02:28:23] INFO  com.zaxxer.hikari.HikariDataSource HikariPool-14 - Starting...
[2026-01-08 02:28:23] INFO  com.zaxxer.hikari.pool.HikariPool HikariPool-14 - Added connection com.mysql.cj.jdbc.ConnectionImpl@16fa5e8f
[2026-01-08 02:28:23] INFO  com.zaxxer.hikari.HikariDataSource HikariPool-14 - Start completed.
[2026-01-08 02:28:23] INFO  c.l.z.w.c.f.ResourceCleanupFilter ResourceCleanupFilter initialized.
[2026-01-08 02:28:32] INFO  c.l.z.core.location.GeoIpUtil GeoIP database loaded from: /geo/GeoLite2-City.mmdb
[2026-01-08 02:28:32] WARN  c.l.z.core.location.GeoIpUtil GeoIP lookup failed for ip=127.0.0.1: The address 127.0.0.1 is not in the database.
[2026-01-08 02:28:32] WARN  c.l.z.d.store.service.StoreService GeoIP failed for IP=127.0.0.1, using default.
[2026-01-08 02:28:32] INFO  c.l.z.core.database.DBConnection Datasource loaded.
[2026-01-08 02:28:33] INFO  c.l.z.web.common.filters.LogFilter GET  /zero_star_cafe/categories/ice-blended   | 200 |  872 ms
[2026-01-08 02:30:00] INFO  c.l.z.web.common.filters.LogFilter GET  /zero_star_cafe/categories/ice-blended   | 200 |   33 ms
[2026-01-08 02:30:16] WARN  c.l.z.core.location.GeoIpUtil GeoIP lookup failed for ip=127.0.0.1: The address 127.0.0.1 is not in the database.
[2026-01-08 02:30:16] WARN  c.l.z.d.store.service.StoreService GeoIP failed for IP=127.0.0.1, using default.
[2026-01-08 02:30:16] INFO  c.l.z.web.common.filters.LogFilter GET  /zero_star_cafe/categories/ice-blended   | 200 |   23 ms
[2026-01-08 02:30:19] INFO  c.l.z.web.common.filters.LogFilter GET  /zero_star_cafe/store-detect             | 302 |    6 ms
[2026-01-08 02:30:19] INFO  c.l.z.web.common.filters.LogFilter GET  /zero_star_cafe/home                     | 200 |    7 ms
[2026-01-08 02:30:27] INFO  c.l.z.web.common.filters.LogFilter GET  /zero_star_cafe/search                   | 200 |   20 ms
[2026-01-08 02:32:27] INFO  c.l.z.web.common.filters.LogFilter GET  /zero_star_cafe/                         | 302 |    5 ms
[2026-01-08 02:32:27] INFO  c.l.z.web.common.filters.LogFilter GET  /zero_star_cafe/home                     | 200 |   28 ms
[2026-01-08 02:32:35] INFO  c.l.z.web.common.filters.LogFilter GET  /zero_star_cafe/search                   | 200 |   15 ms
[2026-01-08 02:33:21] WARN  c.l.z.core.location.GeoIpUtil GeoIP lookup failed for ip=127.0.0.1: The address 127.0.0.1 is not in the database.
[2026-01-08 02:33:21] WARN  c.l.z.d.store.service.StoreService GeoIP failed for IP=127.0.0.1, using default.
[2026-01-08 02:33:21] INFO  c.l.z.web.common.filters.LogFilter GET  /zero_star_cafe/home                     | 200 |   41 ms
[2026-01-08 02:33:21] WARN  c.l.z.web.common.filters.ErrorFilter Response already committed for unknown error.
[2026-01-08 02:33:21] WARN  c.l.z.web.common.filters.ErrorFilter Response already committed for unknown error.
[2026-01-08 02:33:21] INFO  c.l.z.web.common.filters.LogFilter GET  /zero_star_cafe/store-detect             | 302 |    2 ms
[2026-01-08 02:33:21] INFO  c.l.z.web.common.filters.LogFilter GET  /zero_star_cafe/home                     | 200 |    6 ms
[2026-01-08 02:33:25] INFO  c.l.z.web.common.filters.LogFilter GET  /zero_star_cafe/home                     | 200 |   19 ms
[2026-01-08 02:33:31] INFO  c.l.z.web.common.filters.LogFilter GET  /zero_star_cafe/categories/phin-coffee   | 200 |    6 ms
[2026-01-08 02:33:40] INFO  c.l.z.web.common.filters.LogFilter GET  /zero_star_cafe/search                   | 200 |    7 ms
[2026-01-08 02:34:19] INFO  c.l.z.web.common.filters.LogFilter GET  /zero_star_cafe/search                   | 200 |    7 ms
[2026-01-08 02:34:24] INFO  c.l.z.web.common.filters.LogFilter GET  /zero_star_cafe/search                   | 200 |   25 ms
[2026-01-08 02:38:09] INFO  c.l.z.w.c.f.ResourceCleanupFilter ResourceCleanupFilter destroyed
[2026-01-08 02:38:09] INFO  com.zaxxer.hikari.HikariDataSource HikariPool-14 - Shutdown initiated...
[2026-01-08 02:38:09] INFO  com.zaxxer.hikari.HikariDataSource HikariPool-14 - Shutdown completed.
[2026-01-08 02:38:13] INFO  com.zaxxer.hikari.HikariDataSource HikariPool-15 - Starting...
[2026-01-08 02:38:13] INFO  com.zaxxer.hikari.pool.HikariPool HikariPool-15 - Added connection com.mysql.cj.jdbc.ConnectionImpl@33b80f9d
[2026-01-08 02:38:13] INFO  com.zaxxer.hikari.HikariDataSource HikariPool-15 - Start completed.
[2026-01-08 02:38:13] INFO  c.l.z.w.c.f.ResourceCleanupFilter ResourceCleanupFilter initialized.
[2026-01-08 02:38:22] INFO  c.l.z.core.location.GeoIpUtil GeoIP database loaded from: /geo/GeoLite2-City.mmdb
[2026-01-08 02:38:22] WARN  c.l.z.core.location.GeoIpUtil GeoIP lookup failed for ip=127.0.0.1: The address 127.0.0.1 is not in the database.
[2026-01-08 02:38:22] WARN  c.l.z.d.store.service.StoreService GeoIP failed for IP=127.0.0.1, using default.
[2026-01-08 02:38:22] INFO  c.l.z.core.database.DBConnection Datasource loaded.
[2026-01-08 02:38:23] INFO  c.l.z.web.common.filters.LogFilter GET  /zero_star_cafe/home                     | 200 |  997 ms
[2026-01-08 02:38:24] WARN  c.l.z.core.location.GeoIpUtil GeoIP lookup failed for ip=127.0.0.1: The address 127.0.0.1 is not in the database.
[2026-01-08 02:38:24] WARN  c.l.z.d.store.service.StoreService GeoIP failed for IP=127.0.0.1, using default.
[2026-01-08 02:38:24] INFO  c.l.z.web.common.filters.LogFilter GET  /zero_star_cafe/categories/phin-coffee   | 200 |    8 ms
[2026-01-08 02:38:25] WARN  c.l.z.web.common.filters.ErrorFilter Response already committed for unknown error.
[2026-01-08 02:38:25] WARN  c.l.z.web.common.filters.ErrorFilter Response already committed for unknown error.
[2026-01-08 02:38:25] INFO  c.l.z.web.common.filters.LogFilter GET  /zero_star_cafe/store-detect             | 302 |    8 ms
[2026-01-08 02:38:25] INFO  c.l.z.web.common.filters.LogFilter GET  /zero_star_cafe/home                     | 200 |    9 ms
[2026-01-08 02:38:28] INFO  c.l.z.web.common.filters.LogFilter GET  /zero_star_cafe/home                     | 200 |   21 ms
[2026-01-08 02:38:39] INFO  c.l.z.web.common.filters.LogFilter GET  /zero_star_cafe/search                   | 200 |   27 ms
[2026-01-08 02:38:51] INFO  c.l.z.web.common.filters.LogFilter GET  /zero_star_cafe/search                   | 200 |    9 ms
[2026-01-08 02:38:59] INFO  c.l.z.web.common.filters.LogFilter GET  /zero_star_cafe/search                   | 200 |   18 ms
[2026-01-08 07:37:03] INFO  c.l.z.web.common.filters.LogFilter GET  /zero_star_cafe/search                   | 200 |   11 ms
[2026-01-08 07:37:04] WARN  com.zaxxer.hikari.pool.HikariPool HikariPool-15 - Thread starvation or clock leap detected (housekeeper delta=4h57m50s67ms390µs300ns).
[2026-01-08 07:38:57] INFO  c.l.z.w.c.f.ResourceCleanupFilter ResourceCleanupFilter destroyed
[2026-01-08 07:38:57] INFO  com.zaxxer.hikari.HikariDataSource HikariPool-15 - Shutdown initiated...
[2026-01-08 07:38:57] INFO  com.zaxxer.hikari.HikariDataSource HikariPool-15 - Shutdown completed.
[2026-01-08 07:39:06] INFO  com.zaxxer.hikari.HikariDataSource HikariPool-16 - Starting...
[2026-01-08 07:39:06] INFO  com.zaxxer.hikari.pool.HikariPool HikariPool-16 - Added connection com.mysql.cj.jdbc.ConnectionImpl@265281b7
[2026-01-08 07:39:06] INFO  com.zaxxer.hikari.HikariDataSource HikariPool-16 - Start completed.
[2026-01-08 07:39:06] INFO  c.l.z.w.c.f.ResourceCleanupFilter ResourceCleanupFilter initialized.
[2026-01-08 07:39:38] INFO  c.l.z.core.database.DBConnection Datasource loaded.
[2026-01-08 07:39:39] INFO  c.l.z.web.common.filters.LogFilter GET  /zero_star_cafe/home                     | 200 |  959 ms
[2026-01-08 08:10:09] INFO  c.l.z.w.c.f.ResourceCleanupFilter ResourceCleanupFilter destroyed
[2026-01-08 08:10:09] INFO  com.zaxxer.hikari.HikariDataSource HikariPool-17 - Starting...
[2026-01-08 08:10:09] INFO  com.zaxxer.hikari.pool.HikariPool HikariPool-17 - Added connection com.mysql.cj.jdbc.ConnectionImpl@6b82836b
[2026-01-08 08:10:09] INFO  com.zaxxer.hikari.HikariDataSource HikariPool-17 - Start completed.
[2026-01-08 08:10:09] INFO  c.l.z.w.c.f.ResourceCleanupFilter ResourceCleanupFilter initialized.
[2026-01-08 08:11:05] INFO  c.l.z.core.database.DBConnection Datasource loaded.
[2026-01-08 08:11:06] INFO  c.l.z.web.common.filters.LogFilter GET  /zero_star_cafe/home                     | 200 |  936 ms
[2026-01-08 08:11:16] INFO  c.l.z.web.common.filters.LogFilter GET  /zero_star_cafe/search                   | 200 |   24 ms
[2026-01-08 08:11:28] INFO  c.l.z.web.common.filters.LogFilter GET  /zero_star_cafe/search                   | 200 |   22 ms
[2026-01-08 08:11:30] INFO  c.l.z.web.common.filters.LogFilter GET  /zero_star_cafe/search                   | 200 |    6 ms
[2026-01-08 08:12:06] INFO  c.l.z.web.common.filters.LogFilter GET  /zero_star_cafe/search                   | 200 |   11 ms
[2026-01-08 08:12:11] INFO  c.l.z.web.common.filters.LogFilter GET  /zero_star_cafe/search                   | 200 |    7 ms
[2026-01-08 08:12:12] INFO  c.l.z.web.common.filters.LogFilter GET  /zero_star_cafe/search                   | 200 |    0 ms
[2026-01-08 08:12:13] INFO  c.l.z.web.common.filters.LogFilter GET  /zero_star_cafe/search                   | 200 |   14 ms
[2026-01-08 08:12:13] INFO  c.l.z.web.common.filters.LogFilter GET  /zero_star_cafe/search                   | 200 |    8 ms
[2026-01-08 08:12:14] INFO  c.l.z.web.common.filters.LogFilter GET  /zero_star_cafe/search                   | 200 |    0 ms
[2026-01-08 08:12:20] INFO  c.l.z.web.common.filters.LogFilter GET  /zero_star_cafe/home                     | 200 |   29 ms
[2026-01-08 08:12:23] INFO  c.l.z.web.common.filters.LogFilter GET  /zero_star_cafe/search                   | 200 |    5 ms
[2026-01-08 08:12:26] INFO  c.l.z.web.common.filters.LogFilter GET  /zero_star_cafe/search                   | 200 |    9 ms
[2026-01-08 08:12:36] INFO  c.l.z.web.common.filters.LogFilter GET  /zero_star_cafe/search                   | 200 |   18 ms
[2026-01-08 08:12:39] INFO  c.l.z.web.common.filters.LogFilter GET  /zero_star_cafe/search                   | 200 |   13 ms
[2026-01-08 08:12:48] INFO  c.l.z.web.common.filters.LogFilter GET  /zero_star_cafe/search                   | 200 |   13 ms
[2026-01-08 08:13:40] INFO  c.l.z.web.common.filters.LogFilter GET  /zero_star_cafe/search                   | 200 |   18 ms
[2026-01-08 08:13:41] INFO  c.l.z.web.common.filters.LogFilter GET  /zero_star_cafe/search                   | 200 |    0 ms
[2026-01-08 08:13:45] INFO  c.l.z.web.common.filters.LogFilter GET  /zero_star_cafe/search                   | 200 |   13 ms
[2026-01-08 08:13:47] INFO  c.l.z.web.common.filters.LogFilter GET  /zero_star_cafe/search                   | 200 |   15 ms
[2026-01-08 08:13:49] INFO  c.l.z.web.common.filters.LogFilter GET  /zero_star_cafe/search                   | 200 |    8 ms
[2026-01-08 08:14:00] INFO  c.l.z.web.common.filters.LogFilter GET  /zero_star_cafe/search                   | 200 |   19 ms
[2026-01-08 08:14:01] INFO  c.l.z.web.common.filters.LogFilter GET  /zero_star_cafe/search                   | 200 |    6 ms
[2026-01-08 08:14:04] INFO  c.l.z.web.common.filters.LogFilter GET  /zero_star_cafe/search                   | 200 |    0 ms
[2026-01-08 08:14:05] INFO  c.l.z.web.common.filters.LogFilter GET  /zero_star_cafe/search                   | 200 |   16 ms
[2026-01-08 08:19:39] INFO  c.l.z.web.common.filters.LogFilter GET  /zero_star_cafe/search                   | 200 |   10 ms
[2026-01-08 08:19:43] INFO  c.l.z.web.common.filters.LogFilter GET  /zero_star_cafe/search                   | 200 |    0 ms
[2026-01-08 08:19:45] INFO  c.l.z.web.common.filters.LogFilter GET  /zero_star_cafe/search                   | 200 |    4 ms
[2026-01-08 08:19:46] INFO  c.l.z.web.common.filters.LogFilter GET  /zero_star_cafe/search                   | 200 |    0 ms
[2026-01-08 08:20:03] INFO  c.l.z.web.common.filters.LogFilter GET  /zero_star_cafe/search                   | 200 |   11 ms
[2026-01-08 08:20:17] INFO  c.l.z.web.common.filters.LogFilter GET  /zero_star_cafe/search                   | 200 |   16 ms
[2026-01-08 08:20:19] INFO  c.l.z.web.common.filters.LogFilter GET  /zero_star_cafe/search                   | 200 |    0 ms
[2026-01-08 08:20:37] INFO  c.l.z.web.common.filters.LogFilter GET  /zero_star_cafe/categories/espresso      | 200 |    3 ms
[2026-01-08 08:20:37] INFO  c.l.z.web.common.filters.LogFilter GET  /zero_star_cafe/categories/phin-coffee   | 200 |    0 ms
[2026-01-08 08:28:07] INFO  c.l.z.w.c.f.ResourceCleanupFilter ResourceCleanupFilter destroyed
[2026-01-08 08:28:08] INFO  com.zaxxer.hikari.HikariDataSource HikariPool-18 - Starting...
[2026-01-08 08:28:08] INFO  com.zaxxer.hikari.pool.HikariPool HikariPool-18 - Added connection com.mysql.cj.jdbc.ConnectionImpl@56dd6dc4
[2026-01-08 08:28:08] INFO  com.zaxxer.hikari.HikariDataSource HikariPool-18 - Start completed.
[2026-01-08 08:28:08] INFO  c.l.z.w.c.f.ResourceCleanupFilter ResourceCleanupFilter initialized.
[2026-01-08 08:28:25] INFO  c.l.z.core.database.DBConnection Datasource loaded.
[2026-01-08 08:28:26] INFO  c.l.z.web.common.filters.LogFilter GET  /zero_star_cafe/categories/phin-coffee   | 200 |  867 ms
[2026-01-08 08:28:29] INFO  c.l.z.web.common.filters.LogFilter GET  /zero_star_cafe/search                   | 200 |   32 ms
[2026-01-08 08:28:32] INFO  c.l.z.web.common.filters.LogFilter GET  /zero_star_cafe/search                   | 200 |   15 ms
[2026-01-08 08:28:34] INFO  c.l.z.web.common.filters.LogFilter GET  /zero_star_cafe/search                   | 200 |    3 ms
[2026-01-08 08:28:35] INFO  c.l.z.web.common.filters.LogFilter GET  /zero_star_cafe/search                   | 200 |    7 ms
[2026-01-08 08:28:35] INFO  c.l.z.web.common.filters.LogFilter GET  /zero_star_cafe/search                   | 200 |    0 ms
[2026-01-08 08:28:36] INFO  c.l.z.web.common.filters.LogFilter GET  /zero_star_cafe/search                   | 200 |   14 ms
[2026-01-08 08:28:36] INFO  c.l.z.web.common.filters.LogFilter GET  /zero_star_cafe/search                   | 200 |   12 ms
[2026-01-08 08:28:49] INFO  c.l.z.web.common.filters.LogFilter GET  /zero_star_cafe/categories/phin-coffee   | 200 |   33 ms
[2026-01-08 08:28:54] INFO  c.l.z.web.common.filters.LogFilter GET  /zero_star_cafe/search                   | 200 |   11 ms
[2026-01-08 08:29:01] INFO  c.l.z.web.common.filters.LogFilter GET  /zero_star_cafe/search                   | 200 |   30 ms
[2026-01-08 08:29:04] INFO  c.l.z.web.common.filters.LogFilter GET  /zero_star_cafe/search                   | 200 |   12 ms
[2026-01-08 08:29:05] INFO  c.l.z.web.common.filters.LogFilter GET  /zero_star_cafe/search                   | 200 |   12 ms
[2026-01-08 08:29:06] INFO  c.l.z.web.common.filters.LogFilter GET  /zero_star_cafe/search                   | 200 |   16 ms
[2026-01-08 08:29:06] INFO  c.l.z.web.common.filters.LogFilter GET  /zero_star_cafe/search                   | 200 |    0 ms
[2026-01-08 08:29:25] INFO  c.l.z.web.common.filters.LogFilter GET  /zero_star_cafe/categories/ice-blended   | 200 |    5 ms
[2026-01-08 08:29:26] INFO  c.l.z.web.common.filters.LogFilter GET  /zero_star_cafe/categories/phin-coffee   | 200 |    5 ms
[2026-01-08 08:29:30] INFO  c.l.z.web.common.filters.LogFilter GET  /zero_star_cafe/search                   | 200 |   10 ms
[2026-01-08 08:29:31] INFO  c.l.z.web.common.filters.LogFilter GET  /zero_star_cafe/search                   | 200 |    6 ms
[2026-01-08 08:29:32] INFO  c.l.z.web.common.filters.LogFilter GET  /zero_star_cafe/search                   | 200 |    0 ms
[2026-01-08 08:29:32] INFO  c.l.z.web.common.filters.LogFilter GET  /zero_star_cafe/search                   | 200 |    0 ms
[2026-01-08 08:29:33] INFO  c.l.z.web.common.filters.LogFilter GET  /zero_star_cafe/search                   | 200 |    0 ms
[2026-01-08 08:29:33] INFO  c.l.z.web.common.filters.LogFilter GET  /zero_star_cafe/search                   | 200 |    0 ms
[2026-01-08 08:30:26] INFO  c.l.z.w.c.f.ResourceCleanupFilter ResourceCleanupFilter destroyed
[2026-01-08 08:30:27] INFO  com.zaxxer.hikari.HikariDataSource HikariPool-19 - Starting...
[2026-01-08 08:30:27] INFO  com.zaxxer.hikari.pool.HikariPool HikariPool-19 - Added connection com.mysql.cj.jdbc.ConnectionImpl@4a64cc0e
[2026-01-08 08:30:27] INFO  com.zaxxer.hikari.HikariDataSource HikariPool-19 - Start completed.
[2026-01-08 08:30:27] INFO  c.l.z.w.c.f.ResourceCleanupFilter ResourceCleanupFilter initialized.
[2026-01-08 08:30:33] INFO  c.l.z.core.database.DBConnection Datasource loaded.
[2026-01-08 08:30:33] INFO  c.l.z.web.common.filters.LogFilter GET  /zero_star_cafe/categories/phin-coffee   | 200 |  843 ms
[2026-01-08 08:30:36] INFO  c.l.z.web.common.filters.LogFilter GET  /zero_star_cafe/search                   | 200 |   36 ms
[2026-01-08 08:30:41] INFO  c.l.z.web.common.filters.LogFilter GET  /zero_star_cafe/categories/phin-coffee   | 200 |   22 ms
[2026-01-08 08:31:10] INFO  c.l.z.w.c.f.ResourceCleanupFilter ResourceCleanupFilter destroyed
[2026-01-08 08:31:11] INFO  com.zaxxer.hikari.HikariDataSource HikariPool-20 - Starting...
[2026-01-08 08:31:11] INFO  com.zaxxer.hikari.pool.HikariPool HikariPool-20 - Added connection com.mysql.cj.jdbc.ConnectionImpl@6094c85c
[2026-01-08 08:31:11] INFO  com.zaxxer.hikari.HikariDataSource HikariPool-20 - Start completed.
[2026-01-08 08:31:11] INFO  c.l.z.w.c.f.ResourceCleanupFilter ResourceCleanupFilter initialized.
[2026-01-08 08:31:15] INFO  c.l.z.core.database.DBConnection Datasource loaded.
[2026-01-08 08:31:15] INFO  c.l.z.web.common.filters.LogFilter GET  /zero_star_cafe/categories/phin-coffee   | 200 |  874 ms
[2026-01-08 08:31:19] INFO  c.l.z.web.common.filters.LogFilter GET  /zero_star_cafe/search                   | 200 |   41 ms
[2026-01-08 08:31:23] INFO  c.l.z.web.common.filters.LogFilter GET  /zero_star_cafe/search                   | 200 |   10 ms
[2026-01-08 08:31:28] INFO  c.l.z.web.common.filters.LogFilter GET  /zero_star_cafe/search                   | 200 |   16 ms
[2026-01-08 08:31:31] INFO  c.l.z.web.common.filters.LogFilter GET  /zero_star_cafe/search                   | 200 |   16 ms
[2026-01-08 08:31:32] INFO  c.l.z.web.common.filters.LogFilter GET  /zero_star_cafe/search                   | 200 |   15 ms
[2026-01-08 08:31:37] INFO  c.l.z.web.common.filters.LogFilter GET  /zero_star_cafe/categories/ice-blended   | 200 |   10 ms
[2026-01-08 08:31:38] INFO  c.l.z.web.common.filters.LogFilter GET  /zero_star_cafe/categories/phin-coffee   | 200 |   11 ms
[2026-01-08 08:33:26] INFO  c.l.z.web.common.filters.LogFilter GET  /zero_star_cafe/search                   | 200 |   16 ms
[2026-01-08 08:33:28] INFO  c.l.z.web.common.filters.LogFilter GET  /zero_star_cafe/categories/latte         | 200 |    0 ms
[2026-01-08 08:34:49] INFO  c.l.z.web.common.filters.LogFilter GET  /zero_star_cafe/search                   | 200 |   17 ms
[2026-01-08 08:34:51] INFO  c.l.z.web.common.filters.LogFilter GET  /zero_star_cafe/categories/matcha        | 200 |    4 ms
[2026-01-08 08:34:52] INFO  c.l.z.web.common.filters.LogFilter GET  /zero_star_cafe/categories/milk-tea      | 200 |    0 ms
[2026-01-08 08:35:34] INFO  c.l.z.w.c.f.ResourceCleanupFilter ResourceCleanupFilter destroyed
[2026-01-08 08:35:35] INFO  com.zaxxer.hikari.HikariDataSource HikariPool-21 - Starting...
[2026-01-08 08:35:35] INFO  com.zaxxer.hikari.pool.HikariPool HikariPool-21 - Added connection com.mysql.cj.jdbc.ConnectionImpl@7546de19
[2026-01-08 08:35:35] INFO  com.zaxxer.hikari.HikariDataSource HikariPool-21 - Start completed.
[2026-01-08 08:35:35] INFO  c.l.z.w.c.f.ResourceCleanupFilter ResourceCleanupFilter initialized.
[2026-01-08 08:35:46] INFO  c.l.z.core.database.DBConnection Datasource loaded.
[2026-01-08 08:35:47] INFO  c.l.z.web.common.filters.LogFilter GET  /zero_star_cafe/categories/milk-tea      | 200 |  923 ms
[2026-01-08 08:35:50] INFO  c.l.z.web.common.filters.LogFilter GET  /zero_star_cafe/search                   | 200 |   29 ms
[2026-01-08 08:35:53] INFO  c.l.z.web.common.filters.LogFilter GET  /zero_star_cafe/search                   | 200 |   13 ms
[2026-01-08 08:35:55] INFO  c.l.z.web.common.filters.LogFilter GET  /zero_star_cafe/search                   | 200 |   10 ms
[2026-01-08 08:35:58] INFO  c.l.z.web.common.filters.LogFilter GET  /zero_star_cafe/search                   | 200 |    5 ms
[2026-01-08 08:36:00] INFO  c.l.z.web.common.filters.LogFilter GET  /zero_star_cafe/search                   | 200 |    0 ms
[2026-01-08 08:36:06] INFO  c.l.z.web.common.filters.LogFilter GET  /zero_star_cafe/search                   | 200 |   17 ms
[2026-01-08 08:36:08] INFO  c.l.z.web.common.filters.LogFilter GET  /zero_star_cafe/search                   | 200 |   12 ms
[2026-01-08 08:36:18] INFO  c.l.z.web.common.filters.LogFilter GET  /zero_star_cafe/products/bac-xiu         | 200 |  134 ms
[2026-01-08 08:36:21] INFO  c.l.z.web.common.filters.LogFilter GET  /zero_star_cafe/products/ca-phe-sua-nong | 200 |    6 ms
[2026-01-08 08:36:25] INFO  c.l.z.web.common.filters.LogFilter GET  /zero_star_cafe/search                   | 200 |   20 ms
[2026-01-08 08:36:27] INFO  c.l.z.web.common.filters.LogFilter GET  /zero_star_cafe/search                   | 200 |   14 ms
[2026-01-08 08:36:28] INFO  c.l.z.web.common.filters.LogFilter GET  /zero_star_cafe/search                   | 200 |    0 ms
[2026-01-08 08:36:29] INFO  c.l.z.web.common.filters.LogFilter GET  /zero_star_cafe/search                   | 200 |   16 ms
[2026-01-08 08:36:30] INFO  c.l.z.web.common.filters.LogFilter GET  /zero_star_cafe/search                   | 200 |   24 ms
[2026-01-08 08:36:33] INFO  c.l.z.web.common.filters.LogFilter GET  /zero_star_cafe/categories/espresso      | 200 |    0 ms
[2026-01-08 08:36:35] INFO  c.l.z.web.common.filters.LogFilter GET  /zero_star_cafe/categories/espresso      | 200 |   20 ms
[2026-01-08 08:36:36] INFO  c.l.z.web.common.filters.LogFilter GET  /zero_star_cafe/categories/espresso      | 200 |    5 ms
[2026-01-08 08:36:37] INFO  c.l.z.web.common.filters.LogFilter GET  /zero_star_cafe/categories/cold-brew     | 200 |    2 ms
[2026-01-08 08:36:38] INFO  c.l.z.web.common.filters.LogFilter GET  /zero_star_cafe/categories/cold-brew     | 200 |    0 ms
[2026-01-08 08:36:40] INFO  c.l.z.web.common.filters.LogFilter GET  /zero_star_cafe/store/check-in           | 302 |    0 ms
[2026-01-08 08:36:40] INFO  c.l.z.web.common.filters.LogFilter GET  /zero_star_cafe/home                     | 200 |   54 ms
[2026-01-08 08:36:42] INFO  c.l.z.web.common.filters.LogFilter GET  /zero_star_cafe/categories/espresso      | 200 |   19 ms
[2026-01-08 08:36:45] INFO  c.l.z.web.common.filters.LogFilter GET  /zero_star_cafe/categories/phin-coffee   | 200 |   27 ms
[2026-01-08 08:36:48] INFO  c.l.z.web.common.filters.LogFilter GET  /zero_star_cafe/categories/espresso      | 200 |   56 ms
[2026-01-08 08:36:49] INFO  c.l.z.web.common.filters.LogFilter GET  /zero_star_cafe/categories/espresso      | 200 |   37 ms
[2026-01-08 08:36:52] INFO  c.l.z.web.common.filters.LogFilter GET  /zero_star_cafe/products/caramel-macchiato-nong | 200 |   12 ms
[2026-01-08 08:37:39] INFO  c.l.z.w.c.f.ResourceCleanupFilter ResourceCleanupFilter destroyed
[2026-01-08 08:37:40] INFO  com.zaxxer.hikari.HikariDataSource HikariPool-22 - Starting...
[2026-01-08 08:37:40] INFO  com.zaxxer.hikari.pool.HikariPool HikariPool-22 - Added connection com.mysql.cj.jdbc.ConnectionImpl@6c67da17
[2026-01-08 08:37:40] INFO  com.zaxxer.hikari.HikariDataSource HikariPool-22 - Start completed.
[2026-01-08 08:37:40] INFO  c.l.z.w.c.f.ResourceCleanupFilter ResourceCleanupFilter initialized.
[2026-01-08 08:38:06] INFO  c.l.z.w.c.f.ResourceCleanupFilter ResourceCleanupFilter destroyed
[2026-01-08 08:38:07] INFO  com.zaxxer.hikari.HikariDataSource HikariPool-23 - Starting...
[2026-01-08 08:38:07] INFO  com.zaxxer.hikari.pool.HikariPool HikariPool-23 - Added connection com.mysql.cj.jdbc.ConnectionImpl@302e2f07
[2026-01-08 08:38:07] INFO  com.zaxxer.hikari.HikariDataSource HikariPool-23 - Start completed.
[2026-01-08 08:38:07] INFO  c.l.z.w.c.f.ResourceCleanupFilter ResourceCleanupFilter initialized.
[2026-01-08 08:38:17] INFO  c.l.z.core.database.DBConnection Datasource loaded.
[2026-01-08 08:38:18] INFO  c.l.z.web.common.filters.LogFilter GET  /zero_star_cafe/categories/espresso      | 200 |  936 ms
[2026-01-08 08:38:22] INFO  c.l.z.web.common.filters.LogFilter GET  /zero_star_cafe/categories/espresso      | 200 |   35 ms
[2026-01-08 08:38:29] INFO  c.l.z.web.common.filters.LogFilter GET  /zero_star_cafe/search                   | 200 |   57 ms
[2026-01-08 08:38:33] INFO  c.l.z.web.common.filters.LogFilter GET  /zero_star_cafe/search                   | 200 |   33 ms
[2026-01-08 08:38:37] INFO  c.l.z.web.common.filters.LogFilter GET  /zero_star_cafe/categories/americano     | 200 |   29 ms
[2026-01-08 08:38:38] INFO  c.l.z.web.common.filters.LogFilter GET  /zero_star_cafe/categories/espresso      | 200 |   17 ms
[2026-01-08 08:38:40] INFO  c.l.z.web.common.filters.LogFilter GET  /zero_star_cafe/products/caramel-macchiato-da | 200 |  150 ms
[2026-01-08 08:38:44] INFO  c.l.z.web.common.filters.LogFilter GET  /zero_star_cafe/products/caramel-macchiato-da | 200 |   16 ms
[2026-01-08 08:38:46] INFO  c.l.z.web.common.filters.LogFilter GET  /zero_star_cafe/products/caramel-macchiato-da | 200 |   54 ms
[2026-01-08 08:38:48] INFO  c.l.z.web.common.filters.LogFilter GET  /zero_star_cafe/products/a-me-mo         | 200 |    8 ms
[2026-01-08 08:38:50] INFO  c.l.z.web.common.filters.LogFilter GET  /zero_star_cafe/products/a-me-mo         | 200 |   36 ms
[2026-01-08 09:11:26] INFO  c.l.z.w.c.f.ResourceCleanupFilter ResourceCleanupFilter destroyed
[2026-01-08 09:11:27] INFO  com.zaxxer.hikari.HikariDataSource HikariPool-24 - Starting...
[2026-01-08 09:11:27] INFO  com.zaxxer.hikari.pool.HikariPool HikariPool-24 - Added connection com.mysql.cj.jdbc.ConnectionImpl@4cbdd33
[2026-01-08 09:11:27] INFO  com.zaxxer.hikari.HikariDataSource HikariPool-24 - Start completed.
[2026-01-08 09:11:27] INFO  c.l.z.w.c.f.ResourceCleanupFilter ResourceCleanupFilter initialized.
[2026-01-08 09:11:45] INFO  c.l.z.core.database.DBConnection Datasource loaded.
[2026-01-08 09:11:46] INFO  c.l.z.web.common.filters.LogFilter GET  /zero_star_cafe/products/a-me-mo         | 200 | 1112 ms
[2026-01-08 09:11:54] INFO  c.l.z.web.common.filters.LogFilter GET  /zero_star_cafe/home                     | 200 |   34 ms
[2026-01-08 09:12:02] INFO  c.l.z.web.common.filters.LogFilter GET  /zero_star_cafe/products/a-me-mo         | 200 |   55 ms
[2026-01-08 09:12:17] INFO  c.l.z.web.common.filters.LogFilter GET  /zero_star_cafe/products/a-me-mo         | 200 |   49 ms
[2026-01-08 09:13:05] INFO  c.l.z.web.common.filters.LogFilter GET  /zero_star_cafe/products/a-me-mo         | 200 |   59 ms
[2026-01-08 09:16:32] INFO  c.l.z.w.c.f.ResourceCleanupFilter ResourceCleanupFilter destroyed
[2026-01-08 09:16:33] INFO  com.zaxxer.hikari.HikariDataSource HikariPool-25 - Starting...
[2026-01-08 09:16:33] INFO  com.zaxxer.hikari.pool.HikariPool HikariPool-25 - Added connection com.mysql.cj.jdbc.ConnectionImpl@4b44b5f5
[2026-01-08 09:16:33] INFO  com.zaxxer.hikari.HikariDataSource HikariPool-25 - Start completed.
[2026-01-08 09:16:33] INFO  c.l.z.w.c.f.ResourceCleanupFilter ResourceCleanupFilter initialized.
[2026-01-08 09:16:43] INFO  c.l.z.core.database.DBConnection Datasource loaded.
[2026-01-08 09:16:44] INFO  c.l.z.web.common.filters.LogFilter GET  /zero_star_cafe/products/a-me-mo         | 200 | 1060 ms
[2026-01-08 09:18:08] INFO  c.l.z.w.c.f.ResourceCleanupFilter ResourceCleanupFilter destroyed
[2026-01-08 09:18:08] INFO  com.zaxxer.hikari.HikariDataSource HikariPool-26 - Starting...
[2026-01-08 09:18:08] INFO  com.zaxxer.hikari.pool.HikariPool HikariPool-26 - Added connection com.mysql.cj.jdbc.ConnectionImpl@ef49818
[2026-01-08 09:18:08] INFO  com.zaxxer.hikari.HikariDataSource HikariPool-26 - Start completed.
[2026-01-08 09:18:08] INFO  c.l.z.w.c.f.ResourceCleanupFilter ResourceCleanupFilter initialized.
[2026-01-08 09:18:19] INFO  c.l.z.core.database.DBConnection Datasource loaded.
[2026-01-08 09:18:20] INFO  c.l.z.web.common.filters.LogFilter GET  /zero_star_cafe/home                     | 200 |  993 ms
[2026-01-08 09:18:26] INFO  c.l.z.web.common.filters.LogFilter GET  /zero_star_cafe/products/americano-nong  | 200 |  179 ms
[2026-01-08 09:18:51] INFO  c.l.z.web.common.filters.LogFilter GET  /zero_star_cafe/products/americano-nong  | 200 |   64 ms
[2026-01-08 09:19:00] INFO  c.l.z.web.common.filters.LogFilter GET  /zero_star_cafe/partial/login-form       | 200 |   56 ms
[2026-01-08 09:19:10] INFO  c.l.z.web.common.filters.LogFilter POST /zero_star_cafe/auth/login               | 422 |   45 ms
[2026-01-08 09:19:55] INFO  c.l.z.w.c.f.ResourceCleanupFilter ResourceCleanupFilter destroyed
[2026-01-08 09:19:56] INFO  com.zaxxer.hikari.HikariDataSource HikariPool-27 - Starting...
[2026-01-08 09:19:56] INFO  com.zaxxer.hikari.pool.HikariPool HikariPool-27 - Added connection com.mysql.cj.jdbc.ConnectionImpl@70b3eed1
[2026-01-08 09:19:56] INFO  com.zaxxer.hikari.HikariDataSource HikariPool-27 - Start completed.
[2026-01-08 09:19:56] INFO  c.l.z.w.c.f.ResourceCleanupFilter ResourceCleanupFilter initialized.
[2026-01-08 09:20:03] INFO  c.l.z.core.database.DBConnection Datasource loaded.
[2026-01-08 09:20:04] INFO  c.l.z.web.common.filters.LogFilter GET  /zero_star_cafe/home                     | 200 |  902 ms
[2026-01-08 09:20:46] INFO  c.l.z.web.common.filters.LogFilter GET  /zero_star_cafe/products/a-me-mo         | 200 |  188 ms
[2026-01-08 09:21:01] INFO  c.l.z.web.common.filters.LogFilter GET  /zero_star_cafe/products/a-me-mo         | 200 |   65 ms
[2026-01-08 09:21:58] INFO  c.l.z.w.c.f.ResourceCleanupFilter ResourceCleanupFilter destroyed
[2026-01-08 09:21:58] INFO  com.zaxxer.hikari.HikariDataSource HikariPool-28 - Starting...
[2026-01-08 09:21:59] INFO  com.zaxxer.hikari.pool.HikariPool HikariPool-28 - Added connection com.mysql.cj.jdbc.ConnectionImpl@d41e282
[2026-01-08 09:21:59] INFO  com.zaxxer.hikari.HikariDataSource HikariPool-28 - Start completed.
[2026-01-08 09:21:59] INFO  c.l.z.w.c.f.ResourceCleanupFilter ResourceCleanupFilter initialized.
[2026-01-08 09:22:08] INFO  c.l.z.core.database.DBConnection Datasource loaded.
[2026-01-08 09:22:09] INFO  c.l.z.web.common.filters.LogFilter GET  /zero_star_cafe/home                     | 200 |  919 ms
[2026-01-08 09:23:09] INFO  c.l.z.w.c.f.ResourceCleanupFilter ResourceCleanupFilter destroyed
[2026-01-08 09:23:10] INFO  com.zaxxer.hikari.HikariDataSource HikariPool-29 - Starting...
[2026-01-08 09:23:10] INFO  com.zaxxer.hikari.pool.HikariPool HikariPool-29 - Added connection com.mysql.cj.jdbc.ConnectionImpl@622ea9a3
[2026-01-08 09:23:10] INFO  com.zaxxer.hikari.HikariDataSource HikariPool-29 - Start completed.
[2026-01-08 09:23:10] INFO  c.l.z.w.c.f.ResourceCleanupFilter ResourceCleanupFilter initialized.
[2026-01-08 09:23:18] INFO  c.l.z.core.database.DBConnection Datasource loaded.
[2026-01-08 09:23:19] INFO  c.l.z.web.common.filters.LogFilter GET  /zero_star_cafe/home                     | 200 |  953 ms
[2026-01-08 09:23:33] INFO  c.l.z.web.common.filters.LogFilter GET  /zero_star_cafe/products/a-me-classic    | 200 |  152 ms
[2026-01-08 09:23:44] INFO  c.l.z.web.common.filters.LogFilter GET  /zero_star_cafe/partial/login-form       | 200 |   53 ms
[2026-01-08 09:23:49] INFO  c.l.z.web.common.filters.LogFilter POST /zero_star_cafe/auth/login               | 422 |   35 ms
[2026-01-08 09:24:05] INFO  c.l.z.web.common.filters.LogFilter GET  /zero_star_cafe/products/a-me-mo         | 200 |   16 ms
[2026-01-08 09:24:06] INFO  c.l.z.web.common.filters.LogFilter GET  /zero_star_cafe/products/a-me-mo         | 200 |   65 ms
[2026-01-08 09:24:06] WARN  c.l.z.web.common.filters.ErrorFilter Response already committed for unknown error.
[2026-01-08 09:24:08] INFO  c.l.z.web.common.filters.LogFilter GET  /zero_star_cafe/products/a-me-mo         | 200 |   35 ms
[2026-01-08 09:24:09] INFO  c.l.z.web.common.filters.LogFilter GET  /zero_star_cafe/products/a-me-mo         | 200 |   24 ms
[2026-01-08 09:24:10] INFO  c.l.z.web.common.filters.LogFilter GET  /zero_star_cafe/products/a-me-mo         | 200 |   33 ms
[2026-01-08 09:24:12] INFO  c.l.z.web.common.filters.LogFilter GET  /zero_star_cafe/products/a-me-mo         | 200 |   56 ms
[2026-01-08 09:24:14] INFO  c.l.z.web.common.filters.LogFilter GET  /zero_star_cafe/products/a-me-yuzu       | 200 |    7 ms
[2026-01-08 09:24:15] INFO  c.l.z.web.common.filters.LogFilter GET  /zero_star_cafe/products/a-me-yuzu       | 200 |   35 ms
[2026-01-08 09:24:16] INFO  c.l.z.web.common.filters.LogFilter GET  /zero_star_cafe/products/a-me-yuzu       | 200 |   31 ms
[2026-01-08 09:24:18] INFO  c.l.z.web.common.filters.LogFilter GET  /zero_star_cafe/products/a-me-yuzu       | 200 |   31 ms
[2026-01-08 09:24:19] INFO  c.l.z.web.common.filters.LogFilter GET  /zero_star_cafe/categories/phin-coffee   | 200 |   37 ms
[2026-01-08 09:24:24] INFO  c.l.z.web.common.filters.LogFilter GET  /zero_star_cafe/products/a-me-yuzu       | 200 |   14 ms
[2026-01-08 09:24:26] INFO  c.l.z.web.common.filters.LogFilter GET  /zero_star_cafe/products/a-me-yuzu       | 200 |   56 ms
[2026-01-08 09:24:27] INFO  c.l.z.web.common.filters.LogFilter GET  /zero_star_cafe/products/a-me-yuzu       | 200 |   32 ms
[2026-01-08 09:24:28] INFO  c.l.z.web.common.filters.LogFilter GET  /zero_star_cafe/products/a-me-yuzu       | 200 |   24 ms
[2026-01-08 09:24:29] INFO  c.l.z.web.common.filters.LogFilter GET  /zero_star_cafe/products/a-me-yuzu       | 200 |   39 ms
[2026-01-08 09:24:30] INFO  c.l.z.web.common.filters.LogFilter GET  /zero_star_cafe/products/a-me-yuzu       | 200 |   27 ms
[2026-01-08 09:24:34] INFO  c.l.z.web.common.filters.LogFilter GET  /zero_star_cafe/categories/phin-coffee   | 200 |   33 ms
[2026-01-08 09:24:38] INFO  c.l.z.web.common.filters.LogFilter GET  /zero_star_cafe/products/a-me-yuzu       | 200 |   11 ms
[2026-01-08 09:24:39] INFO  c.l.z.web.common.filters.LogFilter GET  /zero_star_cafe/products/a-me-mo         | 200 |    3 ms
[2026-01-08 09:24:40] INFO  c.l.z.web.common.filters.LogFilter GET  /zero_star_cafe/home                     | 200 |   45 ms
[2026-01-08 09:24:44] INFO  c.l.z.web.common.filters.LogFilter GET  /zero_star_cafe/products/a-me-mo         | 200 |   61 ms
[2026-01-08 09:24:48] INFO  c.l.z.web.common.filters.LogFilter GET  /zero_star_cafe/products/a-me-mo         | 200 |   10 ms
[2026-01-08 09:24:51] INFO  c.l.z.web.common.filters.LogFilter GET  /zero_star_cafe/products/a-me-mo         | 200 |    0 ms
[2026-01-08 09:24:53] INFO  c.l.z.web.common.filters.LogFilter GET  /zero_star_cafe/products/a-me-mo         | 200 |   43 ms
[2026-01-08 09:24:53] INFO  c.l.z.web.common.filters.LogFilter GET  /zero_star_cafe/products/a-me-mo         | 200 |   34 ms
[2026-01-08 09:24:54] INFO  c.l.z.web.common.filters.LogFilter GET  /zero_star_cafe/products/a-me-mo         | 200 |   35 ms
[2026-01-08 09:24:55] INFO  c.l.z.web.common.filters.LogFilter GET  /zero_star_cafe/products/a-me-mo         | 200 |   31 ms
[2026-01-08 09:25:04] INFO  c.l.z.web.common.filters.LogFilter GET  /zero_star_cafe/products/a-me-mo         | 200 |   57 ms
[2026-01-08 09:25:09] INFO  c.l.z.web.common.filters.LogFilter GET  /zero_star_cafe/products/a-me-mo         | 200 |   57 ms
[2026-01-08 09:25:12] INFO  c.l.z.web.common.filters.LogFilter GET  /zero_star_cafe/categories/espresso      | 200 |   27 ms
[2026-01-08 09:25:14] INFO  c.l.z.web.common.filters.LogFilter GET  /zero_star_cafe/products/a-me-mo         | 200 |    9 ms
[2026-01-08 09:25:17] INFO  c.l.z.web.common.filters.LogFilter GET  /zero_star_cafe/products/a-me-mo         | 200 |   46 ms
[2026-01-08 09:25:18] INFO  c.l.z.web.common.filters.LogFilter GET  /zero_star_cafe/products/a-me-mo         | 200 |   32 ms
[2026-01-08 09:25:19] INFO  c.l.z.web.common.filters.LogFilter GET  /zero_star_cafe/products/a-me-mo         | 200 |   24 ms
[2026-01-08 09:25:44] INFO  c.l.z.w.c.f.ResourceCleanupFilter ResourceCleanupFilter destroyed
[2026-01-08 09:25:45] INFO  com.zaxxer.hikari.HikariDataSource HikariPool-30 - Starting...
[2026-01-08 09:25:45] INFO  com.zaxxer.hikari.pool.HikariPool HikariPool-30 - Added connection com.mysql.cj.jdbc.ConnectionImpl@50095a1e
[2026-01-08 09:25:45] INFO  com.zaxxer.hikari.HikariDataSource HikariPool-30 - Start completed.
[2026-01-08 09:25:45] INFO  c.l.z.w.c.f.ResourceCleanupFilter ResourceCleanupFilter initialized.
[2026-01-08 09:25:51] INFO  c.l.z.core.database.DBConnection Datasource loaded.
[2026-01-08 09:25:53] INFO  c.l.z.web.common.filters.LogFilter GET  /zero_star_cafe/products/a-me-mo         | 200 | 1275 ms
[2026-01-08 09:25:56] INFO  c.l.z.web.common.filters.LogFilter GET  /zero_star_cafe/products/a-me-mo         | 200 |   40 ms
[2026-01-08 09:25:59] INFO  c.l.z.web.common.filters.LogFilter GET  /zero_star_cafe/categories/espresso      | 200 |   48 ms
[2026-01-08 09:26:02] INFO  c.l.z.web.common.filters.LogFilter GET  /zero_star_cafe/categories/espresso      | 200 |   57 ms
[2026-01-08 09:26:06] INFO  c.l.z.web.common.filters.LogFilter GET  /zero_star_cafe/partial/login-form       | 200 |   44 ms
[2026-01-08 09:26:09] INFO  c.l.z.web.common.filters.LogFilter POST /zero_star_cafe/auth/login               | 422 |  257 ms
[2026-01-08 09:26:14] INFO  c.l.z.d.auth.service.AuthService New Login Record: 
AuthRecord(id=182, userId=9, authHash=20beaf000901796552325d6bc209c817d5888194236441f00b61d315db8ce185, deviceId=58d9a837b7479a85cb940abf7a4c83047a3714f9bea3453f969bbcc39fbe79d5, status=ACTIVE, createdAt=2026-01-08T09:26:14.250956200, expiredAt=2026-01-15T09:26:14.250956200, lastRotatedAt=2026-01-08T09:26:14.250956200, ipLast=127.0.0.1, userAgent=Mozilla/5.0 (Windows NT 10.0; Win64; x64; rv:146.0) Gecko/20100101 Firefox/146.0, revokedAt=null, revokedReason=null)
[2026-01-08 09:26:14] INFO  c.l.z.web.common.filters.LogFilter POST /zero_star_cafe/auth/login               | 303 |  239 ms
[2026-01-08 09:26:14] INFO  c.l.z.web.common.filters.LogFilter GET  /zero_star_cafe/home                     | 200 |   28 ms
[2026-01-08 09:26:17] INFO  c.l.z.web.common.filters.LogFilter GET  /zero_star_cafe/auth/logout              | 404 |    0 ms
[2026-01-08 09:26:22] INFO  c.l.z.web.common.filters.LogFilter GET  /zero_star_cafe/home                     | 200 |   57 ms
[2026-01-08 09:26:27] INFO  c.l.z.web.common.filters.LogFilter GET  /zero_star_cafe/home                     | 200 |   43 ms
[2026-01-08 09:26:39] INFO  c.l.z.web.common.filters.LogFilter GET  /zero_star_cafe/                         | 302 |    0 ms
[2026-01-08 09:26:39] INFO  c.l.z.web.common.filters.LogFilter GET  /zero_star_cafe/home                     | 200 |   64 ms
[2026-01-08 09:26:50] INFO  c.l.z.core.location.GeoIpUtil GeoIP database loaded from: /geo/GeoLite2-City.mmdb
[2026-01-08 09:26:50] WARN  c.l.z.core.location.GeoIpUtil GeoIP lookup failed for ip=127.0.0.1: The address 127.0.0.1 is not in the database.
[2026-01-08 09:26:50] WARN  c.l.z.d.store.service.StoreService GeoIP failed for IP=127.0.0.1, using default.
[2026-01-08 09:26:50] INFO  c.l.z.web.common.filters.LogFilter GET  /zero_star_cafe/home                     | 200 |   44 ms
[2026-01-08 09:26:52] INFO  c.l.z.web.common.filters.LogFilter GET  /zero_star_cafe/store-detect             | 302 |   16 ms
[2026-01-08 09:26:52] INFO  c.l.z.web.common.filters.LogFilter GET  /zero_star_cafe/home                     | 200 |    0 ms
[2026-01-08 09:26:55] INFO  c.l.z.web.common.filters.LogFilter GET  /zero_star_cafe/search                   | 200 |   12 ms
[2026-01-08 09:26:58] INFO  c.l.z.web.common.filters.LogFilter GET  /zero_star_cafe/search                   | 200 |    6 ms
[2026-01-08 09:27:01] INFO  c.l.z.web.common.filters.LogFilter GET  /zero_star_cafe/search                   | 200 |   16 ms
[2026-01-08 09:27:05] INFO  c.l.z.web.common.filters.LogFilter GET  /zero_star_cafe/search                   | 200 |   18 ms
[2026-01-08 09:27:09] INFO  c.l.z.web.common.filters.LogFilter GET  /zero_star_cafe/search                   | 200 |    9 ms
[2026-01-08 09:27:14] INFO  c.l.z.web.common.filters.LogFilter GET  /zero_star_cafe/search                   | 200 |    9 ms
[2026-01-08 09:27:18] INFO  c.l.z.web.common.filters.LogFilter GET  /zero_star_cafe/search                   | 200 |    8 ms
[2026-01-08 09:27:19] INFO  c.l.z.web.common.filters.LogFilter GET  /zero_star_cafe/search                   | 200 |    0 ms
[2026-01-08 09:27:20] INFO  c.l.z.web.common.filters.LogFilter GET  /zero_star_cafe/search                   | 200 |    0 ms
[2026-01-08 09:27:23] INFO  c.l.z.web.common.filters.LogFilter GET  /zero_star_cafe/search                   | 200 |   16 ms
[2026-01-08 09:27:25] INFO  c.l.z.web.common.filters.LogFilter GET  /zero_star_cafe/search                   | 200 |   11 ms
[2026-01-08 09:27:26] INFO  c.l.z.web.common.filters.LogFilter GET  /zero_star_cafe/search                   | 200 |   12 ms
[2026-01-08 09:27:31] INFO  c.l.z.web.common.filters.LogFilter GET  /zero_star_cafe/search                   | 200 |   16 ms
[2026-01-08 09:27:32] INFO  c.l.z.web.common.filters.LogFilter GET  /zero_star_cafe/search                   | 200 |   16 ms
[2026-01-08 09:27:33] INFO  c.l.z.web.common.filters.LogFilter GET  /zero_star_cafe/search                   | 200 |   15 ms
[2026-01-08 09:27:36] INFO  c.l.z.web.common.filters.LogFilter GET  /zero_star_cafe/search                   | 200 |   26 ms
[2026-01-08 09:27:38] INFO  c.l.z.web.common.filters.LogFilter GET  /zero_star_cafe/search                   | 200 |   15 ms
[2026-01-08 09:27:39] INFO  c.l.z.web.common.filters.LogFilter GET  /zero_star_cafe/categories/espresso      | 200 |    0 ms
[2026-01-08 09:27:40] INFO  c.l.z.web.common.filters.LogFilter GET  /zero_star_cafe/categories/phin-coffee   | 200 |    0 ms
[2026-01-08 09:27:41] INFO  c.l.z.web.common.filters.LogFilter GET  /zero_star_cafe/categories/cold-brew     | 200 |    4 ms
[2026-01-08 09:27:43] INFO  c.l.z.web.common.filters.LogFilter GET  /zero_star_cafe/categories/matcha        | 200 |    0 ms
[2026-01-08 09:27:44] INFO  c.l.z.web.common.filters.LogFilter GET  /zero_star_cafe/categories/fruit-tea     | 200 |    0 ms
[2026-01-08 09:31:56] WARN  c.l.z.core.location.GeoIpUtil GeoIP lookup failed for ip=127.0.0.1: The address 127.0.0.1 is not in the database.
[2026-01-08 09:31:56] WARN  c.l.z.d.store.service.StoreService GeoIP failed for IP=127.0.0.1, using default.
[2026-01-08 09:31:56] INFO  c.l.z.web.common.filters.LogFilter GET  /zero_star_cafe/home                     | 200 |   17 ms
[2026-01-08 11:08:09] INFO  com.zaxxer.hikari.HikariDataSource HikariPool-1 - Starting...
[2026-01-08 11:08:10] INFO  com.zaxxer.hikari.pool.HikariPool HikariPool-1 - Added connection com.mysql.cj.jdbc.ConnectionImpl@12fcb850
[2026-01-08 11:08:10] INFO  com.zaxxer.hikari.HikariDataSource HikariPool-1 - Start completed.
[2026-01-08 11:08:10] INFO  c.l.z.w.c.f.ResourceCleanupFilter ResourceCleanupFilter initialized.
[2026-01-08 11:08:10] INFO  c.l.z.core.location.GeoIpUtil GeoIP database loaded from: /geo/GeoLite2-City.mmdb
[2026-01-08 11:08:10] WARN  c.l.z.core.location.GeoIpUtil GeoIP lookup failed for ip=127.0.0.1: The address 127.0.0.1 is not in the database.
[2026-01-08 11:08:10] WARN  c.l.z.d.store.service.StoreService GeoIP failed for IP=127.0.0.1, using default.
[2026-01-08 11:08:10] INFO  c.l.z.core.database.DBConnection Datasource loaded.
[2026-01-08 11:08:10] INFO  c.l.z.web.common.filters.LogFilter GET  /zero_star_cafe/                         | 302 |   11 ms
[2026-01-08 11:08:10] WARN  c.l.z.core.location.GeoIpUtil GeoIP lookup failed for ip=127.0.0.1: The address 127.0.0.1 is not in the database.
[2026-01-08 11:08:10] WARN  c.l.z.d.store.service.StoreService GeoIP failed for IP=127.0.0.1, using default.
[2026-01-08 11:08:11] INFO  c.l.z.web.common.filters.LogFilter GET  /zero_star_cafe/                         | 302 |    0 ms
[2026-01-08 11:08:12] WARN  c.l.z.web.common.filters.ErrorFilter Response already committed for unknown error.
[2026-01-08 11:08:12] WARN  c.l.z.web.common.filters.ErrorFilter Response already committed for unknown error.
[2026-01-08 11:08:12] WARN  c.l.z.web.common.filters.ErrorFilter Response already committed for unknown error.
[2026-01-08 11:08:23] WARN  c.l.z.core.location.GeoIpUtil GeoIP lookup failed for ip=127.0.0.1: The address 127.0.0.1 is not in the database.
[2026-01-08 11:08:23] WARN  c.l.z.d.store.service.StoreService GeoIP failed for IP=127.0.0.1, using default.
[2026-01-08 11:08:23] WARN  c.l.z.web.common.filters.ErrorFilter Response already committed for unknown error.
[2026-01-08 11:08:41] WARN  c.l.z.web.common.filters.ErrorFilter Response already committed for unknown error.
[2026-01-08 11:29:36] INFO  com.zaxxer.hikari.HikariDataSource HikariPool-1 - Starting...
[2026-01-08 11:29:37] INFO  com.zaxxer.hikari.pool.HikariPool HikariPool-1 - Added connection com.mysql.cj.jdbc.ConnectionImpl@1dc123ff
[2026-01-08 11:29:37] INFO  com.zaxxer.hikari.HikariDataSource HikariPool-1 - Start completed.
[2026-01-08 11:29:37] INFO  c.l.z.w.c.f.ResourceCleanupFilter ResourceCleanupFilter initialized.
[2026-01-08 11:29:37] INFO  c.l.z.core.location.GeoIpUtil GeoIP database loaded from: /geo/GeoLite2-City.mmdb
[2026-01-08 11:29:37] WARN  c.l.z.core.location.GeoIpUtil GeoIP lookup failed for ip=127.0.0.1: The address 127.0.0.1 is not in the database.
[2026-01-08 11:29:37] WARN  c.l.z.d.store.service.StoreService GeoIP failed for IP=127.0.0.1, using default.
[2026-01-08 11:29:37] INFO  c.l.z.core.database.DBConnection Datasource loaded.
[2026-01-08 11:29:37] INFO  c.l.z.web.common.filters.LogFilter GET  /zero_star_cafe/                         | 302 |    9 ms
[2026-01-08 11:29:37] WARN  c.l.z.core.location.GeoIpUtil GeoIP lookup failed for ip=127.0.0.1: The address 127.0.0.1 is not in the database.
[2026-01-08 11:29:37] WARN  c.l.z.d.store.service.StoreService GeoIP failed for IP=127.0.0.1, using default.
[2026-01-08 11:29:38] WARN  c.l.z.core.location.GeoIpUtil GeoIP lookup failed for ip=127.0.0.1: The address 127.0.0.1 is not in the database.
[2026-01-08 11:29:38] WARN  c.l.z.d.store.service.StoreService GeoIP failed for IP=127.0.0.1, using default.
[2026-01-08 11:29:38] INFO  c.l.z.web.common.filters.LogFilter GET  /zero_star_cafe/                         | 302 |    0 ms
[2026-01-08 11:29:39] WARN  c.l.z.web.common.filters.ErrorFilter Response already committed for unknown error.
[2026-01-08 11:29:39] WARN  c.l.z.web.common.filters.ErrorFilter Response already committed for unknown error.
[2026-01-08 11:29:44] WARN  c.l.z.web.common.filters.ErrorFilter Response already committed for unknown error.
[2026-01-08 11:30:01] WARN  c.l.z.core.location.GeoIpUtil GeoIP lookup failed for ip=127.0.0.1: The address 127.0.0.1 is not in the database.
[2026-01-08 11:30:01] WARN  c.l.z.d.store.service.StoreService GeoIP failed for IP=127.0.0.1, using default.
[2026-01-08 11:30:01] WARN  c.l.z.web.common.filters.ErrorFilter Response already committed for unknown error.
[2026-01-08 11:30:53] INFO  c.l.z.w.c.f.ResourceCleanupFilter ResourceCleanupFilter destroyed
[2026-01-08 11:30:54] INFO  com.zaxxer.hikari.HikariDataSource HikariPool-2 - Starting...
[2026-01-08 11:30:54] INFO  com.zaxxer.hikari.pool.HikariPool HikariPool-2 - Added connection com.mysql.cj.jdbc.ConnectionImpl@d1ce97
[2026-01-08 11:30:54] INFO  com.zaxxer.hikari.HikariDataSource HikariPool-2 - Start completed.
[2026-01-08 11:30:54] INFO  c.l.z.w.c.f.ResourceCleanupFilter ResourceCleanupFilter initialized.
[2026-01-08 11:31:00] INFO  c.l.z.core.location.GeoIpUtil GeoIP database loaded from: /geo/GeoLite2-City.mmdb
[2026-01-08 11:31:00] WARN  c.l.z.core.location.GeoIpUtil GeoIP lookup failed for ip=127.0.0.1: The address 127.0.0.1 is not in the database.
[2026-01-08 11:31:00] WARN  c.l.z.d.store.service.StoreService GeoIP failed for IP=127.0.0.1, using default.
[2026-01-08 11:31:00] INFO  c.l.z.core.database.DBConnection Datasource loaded.
[2026-01-08 11:31:01] INFO  c.l.z.web.common.filters.LogFilter GET  /zero_star_cafe/home                     | 200 | 1243 ms
[2026-01-08 11:31:03] INFO  c.l.z.web.common.filters.LogFilter GET  /zero_star_cafe/store-detect             | 302 |    9 ms
[2026-01-08 11:31:03] INFO  c.l.z.web.common.filters.LogFilter GET  /zero_star_cafe/home                     | 200 |   14 ms
[2026-01-08 11:31:15] INFO  c.l.z.web.common.filters.LogFilter GET  /zero_star_cafe/products/a-me-mo         | 200 |  358 ms
[2026-01-08 11:31:16] INFO  c.l.z.web.common.filters.LogFilter GET  /zero_star_cafe/partial/login-form       | 200 |   84 ms
[2026-01-08 11:31:22] INFO  c.l.z.d.auth.service.AuthService New Login Record: 
AuthRecord(id=183, userId=9, authHash=58e5249649dc98638e6b72574b639d88f91e8ed85f96a9f663276dc18bb25601, deviceId=d9d394ea4ea4999cff3d2f1fa81677160abeaa4046ad0e8fdd08fab6796706e6, status=ACTIVE, createdAt=2026-01-08T11:31:22.387650300, expiredAt=2026-01-15T11:31:22.387650300, lastRotatedAt=2026-01-08T11:31:22.387650300, ipLast=127.0.0.1, userAgent=Mozilla/5.0 (Windows NT 10.0; Win64; x64; rv:146.0) Gecko/20100101 Firefox/146.0, revokedAt=null, revokedReason=null)
[2026-01-08 11:31:22] INFO  c.l.z.web.common.filters.LogFilter POST /zero_star_cafe/auth/login               | 303 |  302 ms
[2026-01-08 11:31:22] INFO  c.l.z.web.common.filters.LogFilter GET  /zero_star_cafe/home                     | 200 |   33 ms
[2026-01-08 11:39:49] INFO  c.l.z.web.common.filters.LogFilter GET  /zero_star_cafe/categories/ice-blended   | 200 |   16 ms
[2026-01-08 11:39:50] INFO  c.l.z.web.common.filters.LogFilter GET  /zero_star_cafe/products/floaty-matcha-latte | 200 |   11 ms
[2026-01-08 11:39:51] INFO  c.l.z.web.common.filters.LogFilter GET  /zero_star_cafe/categories/milk-tea      | 200 |   12 ms
[2026-01-08 11:39:53] INFO  c.l.z.web.common.filters.LogFilter GET  /zero_star_cafe/products/hong-tra-sua-tran-chau | 200 |   12 ms
[2026-01-08 11:39:58] INFO  c.l.z.web.common.filters.LogFilter GET  /zero_star_cafe/store/check-in           | 302 |    0 ms
[2026-01-08 11:39:58] INFO  c.l.z.web.common.filters.LogFilter GET  /zero_star_cafe/home                     | 200 |   76 ms
[2026-01-08 11:39:59] INFO  c.l.z.web.common.filters.LogFilter GET  /zero_star_cafe/categories/phin-coffee   | 200 |   37 ms
[2026-01-08 11:40:00] INFO  c.l.z.web.common.filters.LogFilter GET  /zero_star_cafe/categories/phin-coffee   | 200 |   25 ms
[2026-01-08 11:40:01] INFO  c.l.z.web.common.filters.LogFilter GET  /zero_star_cafe/categories/espresso      | 200 |   26 ms
[2026-01-08 11:40:03] INFO  c.l.z.web.common.filters.LogFilter GET  /zero_star_cafe/products/caramel-macchiato-da | 200 |   14 ms
[2026-01-08 12:26:19] INFO  c.l.z.w.c.f.ResourceCleanupFilter ResourceCleanupFilter destroyed
[2026-01-08 12:26:20] INFO  com.zaxxer.hikari.HikariDataSource HikariPool-3 - Starting...
[2026-01-08 12:26:20] INFO  com.zaxxer.hikari.pool.HikariPool HikariPool-3 - Added connection com.mysql.cj.jdbc.ConnectionImpl@4a9892b2
[2026-01-08 12:26:20] INFO  com.zaxxer.hikari.HikariDataSource HikariPool-3 - Start completed.
[2026-01-08 12:26:20] INFO  c.l.z.w.c.f.ResourceCleanupFilter ResourceCleanupFilter initialized.
[2026-01-08 12:26:31] INFO  c.l.z.core.database.DBConnection Datasource loaded.
[2026-01-08 12:26:32] INFO  c.l.z.web.common.filters.LogFilter GET  /zero_star_cafe/categories/espresso      | 200 | 1091 ms
[2026-01-08 12:26:38] INFO  c.l.z.web.common.filters.LogFilter GET  /zero_star_cafe/products/caramel-macchiato-nong | 200 |  256 ms
[2026-01-08 12:26:56] INFO  c.l.z.web.common.filters.LogFilter GET  /zero_star_cafe/auth/logout              | 404 |   17 ms
[2026-01-08 12:55:38] INFO  com.zaxxer.hikari.HikariDataSource HikariPool-1 - Starting...
[2026-01-08 12:55:38] INFO  com.zaxxer.hikari.pool.HikariPool HikariPool-1 - Added connection com.mysql.cj.jdbc.ConnectionImpl@21959fbc
[2026-01-08 12:55:38] INFO  com.zaxxer.hikari.HikariDataSource HikariPool-1 - Start completed.
[2026-01-08 12:55:38] INFO  c.l.z.w.c.f.ResourceCleanupFilter ResourceCleanupFilter initialized.
[2026-01-08 12:55:38] INFO  c.l.z.core.location.GeoIpUtil GeoIP database loaded from: /geo/GeoLite2-City.mmdb
[2026-01-08 12:55:38] WARN  c.l.z.core.location.GeoIpUtil GeoIP lookup failed for ip=127.0.0.1: The address 127.0.0.1 is not in the database.
[2026-01-08 12:55:38] WARN  c.l.z.d.store.service.StoreService GeoIP failed for IP=127.0.0.1, using default.
[2026-01-08 12:55:38] INFO  c.l.z.core.database.DBConnection Datasource loaded.
[2026-01-08 12:55:38] INFO  c.l.z.web.common.filters.LogFilter GET  /zero_star_cafe/                         | 302 |    9 ms
[2026-01-08 12:55:38] WARN  c.l.z.core.location.GeoIpUtil GeoIP lookup failed for ip=127.0.0.1: The address 127.0.0.1 is not in the database.
[2026-01-08 12:55:38] WARN  c.l.z.d.store.service.StoreService GeoIP failed for IP=127.0.0.1, using default.
[2026-01-08 12:55:40] INFO  c.l.z.web.common.filters.LogFilter GET  /zero_star_cafe/                         | 302 |    0 ms
[2026-01-08 12:55:40] INFO  c.l.z.web.common.filters.LogFilter GET  /zero_star_cafe/home                     | 200 | 1929 ms
[2026-01-08 12:55:40] INFO  c.l.z.web.common.filters.LogFilter GET  /zero_star_cafe/home                     | 200 |  566 ms
[2026-01-08 12:55:43] WARN  c.l.z.core.location.GeoIpUtil GeoIP lookup failed for ip=127.0.0.1: The address 127.0.0.1 is not in the database.
[2026-01-08 12:55:43] WARN  c.l.z.d.store.service.StoreService GeoIP failed for IP=127.0.0.1, using default.
[2026-01-08 12:55:43] INFO  c.l.z.web.common.filters.LogFilter GET  /zero_star_cafe/home                     | 200 |   12 ms
[2026-01-08 12:55:52] WARN  c.l.z.core.location.GeoIpUtil GeoIP lookup failed for ip=127.0.0.1: The address 127.0.0.1 is not in the database.
[2026-01-08 12:55:52] WARN  c.l.z.d.store.service.StoreService GeoIP failed for IP=127.0.0.1, using default.
[2026-01-08 12:55:52] INFO  c.l.z.web.common.filters.LogFilter GET  /zero_star_cafe/home                     | 200 |   31 ms
[2026-01-08 12:55:55] INFO  c.l.z.web.common.filters.LogFilter GET  /zero_star_cafe/products/americano-nong  | 200 |  375 ms
[2026-01-08 12:56:13] INFO  c.l.z.web.common.filters.LogFilter GET  /zero_star_cafe/products/americano-nong  | 200 |   93 ms
[2026-01-08 13:12:06] INFO  com.zaxxer.hikari.HikariDataSource HikariPool-1 - Starting...
[2026-01-08 13:12:06] INFO  com.zaxxer.hikari.pool.HikariPool HikariPool-1 - Added connection com.mysql.cj.jdbc.ConnectionImpl@5b2c84d3
[2026-01-08 13:12:06] INFO  com.zaxxer.hikari.HikariDataSource HikariPool-1 - Start completed.
[2026-01-08 13:12:07] INFO  c.l.z.w.c.f.ResourceCleanupFilter ResourceCleanupFilter initialized.
[2026-01-08 13:12:07] INFO  c.l.z.core.location.GeoIpUtil GeoIP database loaded from: /geo/GeoLite2-City.mmdb
[2026-01-08 13:12:07] WARN  c.l.z.core.location.GeoIpUtil GeoIP lookup failed for ip=127.0.0.1: The address 127.0.0.1 is not in the database.
[2026-01-08 13:12:07] WARN  c.l.z.d.store.service.StoreService GeoIP failed for IP=127.0.0.1, using default.
[2026-01-08 13:12:07] INFO  c.l.z.core.database.DBConnection Datasource loaded.
[2026-01-08 13:12:07] INFO  c.l.z.web.common.filters.LogFilter GET  /zero_star_cafe/                         | 302 |   14 ms
[2026-01-08 13:12:07] WARN  c.l.z.core.location.GeoIpUtil GeoIP lookup failed for ip=127.0.0.1: The address 127.0.0.1 is not in the database.
[2026-01-08 13:12:07] WARN  c.l.z.d.store.service.StoreService GeoIP failed for IP=127.0.0.1, using default.
[2026-01-08 13:12:08] WARN  c.l.z.core.location.GeoIpUtil GeoIP lookup failed for ip=127.0.0.1: The address 127.0.0.1 is not in the database.
[2026-01-08 13:12:08] WARN  c.l.z.d.store.service.StoreService GeoIP failed for IP=127.0.0.1, using default.
[2026-01-08 13:12:08] INFO  c.l.z.web.common.filters.LogFilter GET  /zero_star_cafe/                         | 302 |    0 ms
[2026-01-08 13:12:09] INFO  c.l.z.web.common.filters.LogFilter GET  /zero_star_cafe/home                     | 200 |  734 ms
[2026-01-08 13:12:09] INFO  c.l.z.web.common.filters.LogFilter GET  /zero_star_cafe/home                     | 200 | 2126 ms
[2026-01-08 13:12:16] WARN  c.l.z.core.location.GeoIpUtil GeoIP lookup failed for ip=127.0.0.1: The address 127.0.0.1 is not in the database.
[2026-01-08 13:12:16] WARN  c.l.z.d.store.service.StoreService GeoIP failed for IP=127.0.0.1, using default.
[2026-01-08 13:12:16] INFO  c.l.z.web.common.filters.LogFilter GET  /zero_star_cafe/home                     | 200 |   40 ms
[2026-01-08 13:12:16] WARN  c.l.z.web.common.filters.ErrorFilter Response already committed for unknown error.
[2026-01-08 13:12:16] WARN  c.l.z.web.common.filters.ErrorFilter Response already committed for unknown error.
[2026-01-08 13:12:16] INFO  c.l.z.web.common.filters.LogFilter GET  /zero_star_cafe/store-detect             | 302 |    9 ms
[2026-01-08 13:12:16] INFO  c.l.z.web.common.filters.LogFilter GET  /zero_star_cafe/home                     | 200 |   14 ms
[2026-01-08 13:12:18] INFO  c.l.z.web.common.filters.LogFilter GET  /zero_star_cafe/products/americano-nong  | 200 |  259 ms
[2026-01-08 13:12:32] WARN  c.l.z.web.common.filters.ErrorFilter Response already committed for unknown error.
[2026-01-08 13:12:35] WARN  c.l.z.web.common.filters.CsrfFilter CSRF validation failed - Method: POST, URI: /cart/add, IP: 127.0.0.1
[2026-01-08 13:13:09] WARN  c.l.z.web.common.filters.CsrfFilter CSRF validation failed - Method: POST, URI: /cart/add, IP: 127.0.0.1
[2026-01-08 13:13:16] WARN  c.l.z.web.common.filters.CsrfFilter CSRF validation failed - Method: POST, URI: /cart/add, IP: 127.0.0.1
[2026-01-08 13:13:24] INFO  c.l.z.web.common.filters.LogFilter GET  /zero_star_cafe/categories/espresso      | 200 |   14 ms
[2026-01-08 13:13:25] INFO  c.l.z.web.common.filters.LogFilter GET  /zero_star_cafe/products/caramel-macchiato-nong | 200 |   13 ms
[2026-01-08 13:13:26] WARN  c.l.z.web.common.filters.CsrfFilter CSRF validation failed - Method: POST, URI: /cart/add, IP: 127.0.0.1
[2026-01-08 13:13:39] WARN  c.l.z.web.common.filters.CsrfFilter CSRF validation failed - Method: POST, URI: /cart/add, IP: 127.0.0.1
[2026-01-08 13:13:44] INFO  c.l.z.web.common.filters.LogFilter GET  /zero_star_cafe/products/espresso-da     | 200 |   18 ms
[2026-01-08 13:13:50] INFO  c.l.z.web.common.filters.LogFilter GET  /zero_star_cafe/products/cappuccino-nong | 200 |   22 ms
[2026-01-08 13:13:51] INFO  c.l.z.web.common.filters.LogFilter GET  /zero_star_cafe/products/cappuccino-nong | 200 |    9 ms
[2026-01-08 13:13:55] INFO  c.l.z.web.common.filters.LogFilter GET  /zero_star_cafe/products/cappuccino-nong | 200 |   16 ms
[2026-01-08 13:13:58] INFO  c.l.z.web.common.filters.LogFilter GET  /zero_star_cafe/categories/americano     | 200 |   16 ms
[2026-01-08 13:14:00] INFO  c.l.z.web.common.filters.LogFilter GET  /zero_star_cafe/products/a-me-classic    | 200 |   32 ms
[2026-01-08 13:14:19] WARN  c.l.z.web.common.filters.CsrfFilter CSRF validation failed - Method: POST, URI: /cart/add, IP: 127.0.0.1
